Using pre-set license
Built from '2021.3/release' branch; Version is '2021.3.17f1 (3e8111cac19d) revision 4096273'; Using compiler version '192829333'; Build Type 'Release'
OS: 'Windows 11  (10.0.22621) 64bit Core' Language: 'it' Physical Memory: 16088 MB
BatchMode: 1, IsHumanControllingUs: 0, StartBugReporterOnCrash: 0, Is64bit: 1, IsPro: 1

COMMAND LINE ARGUMENTS:
C:\Program Files\Unity\Hub\Editor\2021.3.17f1\Editor\Unity.exe
-adb2
-batchMode
-noUpm
-name
AssetImportWorker4
-projectPath
C:/Users/samba/GitFile/GitHubPATW/Pino around the World!
-logFile
Logs/AssetImportWorker4.log
-srvPort
60303
Successfully changed project path to: C:/Users/samba/GitFile/GitHubPATW/Pino around the World!
C:/Users/samba/GitFile/GitHubPATW/Pino around the World!
[UnityMemory] Configuration Parameters - Can be set up in boot.config
    "memorysetup-bucket-allocator-granularity=16"
    "memorysetup-bucket-allocator-bucket-count=8"
    "memorysetup-bucket-allocator-block-size=33554432"
    "memorysetup-bucket-allocator-block-count=8"
    "memorysetup-main-allocator-block-size=16777216"
    "memorysetup-thread-allocator-block-size=16777216"
    "memorysetup-gfx-main-allocator-block-size=16777216"
    "memorysetup-gfx-thread-allocator-block-size=16777216"
    "memorysetup-cache-allocator-block-size=4194304"
    "memorysetup-typetree-allocator-block-size=2097152"
    "memorysetup-profiler-bucket-allocator-granularity=16"
    "memorysetup-profiler-bucket-allocator-bucket-count=8"
    "memorysetup-profiler-bucket-allocator-block-size=33554432"
    "memorysetup-profiler-bucket-allocator-block-count=8"
    "memorysetup-profiler-allocator-block-size=16777216"
    "memorysetup-profiler-editor-allocator-block-size=1048576"
    "memorysetup-temp-allocator-size-main=16777216"
    "memorysetup-job-temp-allocator-block-size=2097152"
    "memorysetup-job-temp-allocator-block-size-background=1048576"
    "memorysetup-job-temp-allocator-reduction-small-platforms=262144"
    "memorysetup-temp-allocator-size-background-worker=32768"
    "memorysetup-temp-allocator-size-job-worker=262144"
    "memorysetup-temp-allocator-size-preload-manager=33554432"
    "memorysetup-temp-allocator-size-nav-mesh-worker=65536"
    "memorysetup-temp-allocator-size-audio-worker=65536"
    "memorysetup-temp-allocator-size-cloud-worker=32768"
    "memorysetup-temp-allocator-size-gi-baking-worker=262144"
    "memorysetup-temp-allocator-size-gfx=262144"
Player connection [13452] Host "[IP] 192.168.1.105 [Port] 0 [Flags] 2 [Guid] 3867627207 [EditorId] 3867627207 [Version] 1048832 [Id] WindowsEditor(7,MSI) [Debug] 1 [PackageName] WindowsEditor [ProjectName] Editor" joined multi-casting on [225.0.0.222:54997]...

Player connection [13452] Host "[IP] 192.168.1.105 [Port] 0 [Flags] 2 [Guid] 3867627207 [EditorId] 3867627207 [Version] 1048832 [Id] WindowsEditor(7,MSI) [Debug] 1 [PackageName] WindowsEditor [ProjectName] Editor" joined alternative multi-casting on [225.0.0.222:34997]...

Refreshing native plugins compatible for Editor in 96.44 ms, found 3 plugins.
Preloading 0 native plugins for Editor in 0.00 ms.
Initialize engine version: 2021.3.17f1 (3e8111cac19d)
[Subsystems] Discovering subsystems at path C:/Program Files/Unity/Hub/Editor/2021.3.17f1/Editor/Data/Resources/UnitySubsystems
[Subsystems] Discovering subsystems at path C:/Users/samba/GitFile/GitHubPATW/Pino around the World!/Assets
GfxDevice: creating device client; threaded=0; jobified=0
Direct3D:
    Version:  Direct3D 11.0 [level 11.1]
    Renderer: NVIDIA GeForce RTX 3060 Laptop GPU (ID=0x2520)
    Vendor:   NVIDIA
    VRAM:     6023 MB
    Driver:   30.0.15.1165
Initialize mono
Mono path[0] = 'C:/Program Files/Unity/Hub/Editor/2021.3.17f1/Editor/Data/Managed'
Mono path[1] = 'C:/Program Files/Unity/Hub/Editor/2021.3.17f1/Editor/Data/MonoBleedingEdge/lib/mono/unityjit-win32'
Mono config path = 'C:/Program Files/Unity/Hub/Editor/2021.3.17f1/Editor/Data/MonoBleedingEdge/etc'
Using monoOptions --debugger-agent=transport=dt_socket,embedding=1,server=y,suspend=n,address=127.0.0.1:56556
Begin MonoManager ReloadAssembly
Registering precompiled unity dll's ...
Register platform support module: C:/Program Files/Unity/Hub/Editor/2021.3.17f1/Editor/Data/PlaybackEngines/MacStandaloneSupport/UnityEditor.OSXStandalone.Extensions.dll
Register platform support module: C:/Program Files/Unity/Hub/Editor/2021.3.17f1/Editor/Data/PlaybackEngines/AndroidPlayer/UnityEditor.Android.Extensions.dll
Register platform support module: C:/Program Files/Unity/Hub/Editor/2021.3.17f1/Editor/Data/PlaybackEngines/WindowsStandaloneSupport/UnityEditor.WindowsStandalone.Extensions.dll
Register platform support module: C:/Program Files/Unity/Hub/Editor/2021.3.17f1/Editor/Data/PlaybackEngines/LinuxStandaloneSupport/UnityEditor.LinuxStandalone.Extensions.dll
Register platform support module: C:/Program Files/Unity/Hub/Editor/2021.3.17f1/Editor/Data/PlaybackEngines/MetroSupport/UnityEditor.UWP.Extensions.dll
Registered in 0.006988 seconds.
Native extension for UWP target not found
Native extension for LinuxStandalone target not found
Native extension for WindowsStandalone target not found
Native extension for Android target not found
Android Extension - Scanning For ADB Devices 371 ms
Native extension for OSXStandalone target not found
Refreshing native plugins compatible for Editor in 91.74 ms, found 3 plugins.
Preloading 0 native plugins for Editor in 0.00 ms.
Mono: successfully reloaded assembly
- Completed reload, in  0.973 seconds
Domain Reload Profiling:
	ReloadAssembly (974ms)
		BeginReloadAssembly (65ms)
			ExecutionOrderSort (0ms)
			DisableScriptedObjects (0ms)
			BackupInstance (0ms)
			ReleaseScriptingObjects (0ms)
			CreateAndSetChildDomain (1ms)
		EndReloadAssembly (820ms)
			LoadAssemblies (64ms)
			RebuildTransferFunctionScriptingTraits (0ms)
			SetupTypeCache (96ms)
			ReleaseScriptCaches (0ms)
			RebuildScriptCaches (27ms)
			SetupLoadedEditorAssemblies (644ms)
				LogAssemblyErrors (0ms)
				InitializePlatformSupportModulesInManaged (457ms)
				SetLoadedEditorAssemblies (1ms)
				RefreshPlugins (92ms)
				BeforeProcessingInitializeOnLoad (1ms)
				ProcessInitializeOnLoadAttributes (62ms)
				ProcessInitializeOnLoadMethodAttributes (32ms)
				AfterProcessingInitializeOnLoad (0ms)
				EditorAssembliesLoaded (0ms)
			ExecutionOrderSort2 (0ms)
			AwakeInstancesAfterBackupRestoration (0ms)
Platform modules already initialized, skipping
Registering precompiled user dll's ...
Registered in 0.005151 seconds.
Begin MonoManager ReloadAssembly
Symbol file LoadedFromMemory doesn't match image C:\Users\samba\GitFile\GitHubPATW\Pino around the World!\Library\PackageCache\com.unity.visualscripting@1.8.0\Editor\VisualScripting.Core\Dependencies\YamlDotNet\Unity.VisualScripting.YamlDotNet.dll
Symbol file LoadedFromMemory doesn't match image C:\Users\samba\GitFile\GitHubPATW\Pino around the World!\Library\PackageCache\com.unity.visualscripting@1.8.0\Editor\VisualScripting.Core\Dependencies\DotNetZip\Unity.VisualScripting.IonicZip.dll
Native extension for UWP target not found
Native extension for LinuxStandalone target not found
Native extension for WindowsStandalone target not found
Native extension for Android target not found
Native extension for OSXStandalone target not found
Refreshing native plugins compatible for Editor in 90.55 ms, found 3 plugins.
Preloading 0 native plugins for Editor in 0.00 ms.
Mono: successfully reloaded assembly
- Completed reload, in  0.967 seconds
Domain Reload Profiling:
	ReloadAssembly (968ms)
		BeginReloadAssembly (82ms)
			ExecutionOrderSort (0ms)
			DisableScriptedObjects (4ms)
			BackupInstance (0ms)
			ReleaseScriptingObjects (0ms)
			CreateAndSetChildDomain (16ms)
		EndReloadAssembly (796ms)
			LoadAssemblies (71ms)
			RebuildTransferFunctionScriptingTraits (0ms)
			SetupTypeCache (215ms)
			ReleaseScriptCaches (0ms)
			RebuildScriptCaches (42ms)
			SetupLoadedEditorAssemblies (417ms)
				LogAssemblyErrors (0ms)
				InitializePlatformSupportModulesInManaged (18ms)
				SetLoadedEditorAssemblies (0ms)
				RefreshPlugins (91ms)
				BeforeProcessingInitializeOnLoad (67ms)
				ProcessInitializeOnLoadAttributes (221ms)
				ProcessInitializeOnLoadMethodAttributes (14ms)
				AfterProcessingInitializeOnLoad (5ms)
				EditorAssembliesLoaded (0ms)
			ExecutionOrderSort2 (0ms)
			AwakeInstancesAfterBackupRestoration (4ms)
Platform modules already initialized, skipping
========================================================================
Worker process is ready to serve import requests
Launched and connected shader compiler UnityShaderCompiler.exe after 0.05 seconds
Refreshing native plugins compatible for Editor in 1.01 ms, found 3 plugins.
Preloading 0 native plugins for Editor in 0.00 ms.
Unloading 3963 Unused Serialized files (Serialized files now loaded: 0)
Unloading 42 unused Assets / (1.3 MB). Loaded Objects now: 4417.
Memory consumption went from 156.0 MB to 154.7 MB.
Total: 2.789500 ms (FindLiveObjects: 0.254000 ms CreateObjectMapping: 0.109400 ms MarkObjects: 2.160400 ms  DeleteObjects: 0.264500 ms)

AssetImportParameters requested are different than current active one (requested -> active):
  custom:video-decoder-ogg-theora: a1e56fd34408186e4bbccfd4996cb3dc -> 
  custom:container-muxer-webm: aa71ff27fc2769a1b78a27578f13a17b -> 
  custom:container-demuxer-webm: 4f35f7cbe854078d1ac9338744f61a02 -> 
  custom:video-encoder-webm-vp8: eb34c28f22e8b96e1ab97ce403110664 -> 
  custom:audio-encoder-webm-vorbis: bf7c407c2cedff20999df2af8eb42d56 -> 
  custom:framework-win-MediaFoundation: 216162199b28c13a410421893ffa2e32 -> 
  custom:container-demuxer-ogg: 62fdf1f143b41e24485cea50d1cbac27 -> 
  custom:video-decoder-webm-vp8: 9c59270c3fd7afecdb556c50c9e8de78 -> 
  custom:audio-decoder-ogg-vorbis: bf7c407c2cedff20999df2af8eb42d56 -> 
========================================================================
Received Import Request.
  Time since last request: 406020.381102 seconds.
  path: Assets/AssetPremium/GUI PRO Kit - Casual Game/ResourcesData/Sprite/Demo/Demo_CountryFlag/Icon_Flag_Chn.Png
  artifactKey: Guid(1af1970b58e9a42e5b365731d49e450d) Importer(815301076,1909f56bfc062723c751e8b465ee728b)
Start importing Assets/AssetPremium/GUI PRO Kit - Casual Game/ResourcesData/Sprite/Demo/Demo_CountryFlag/Icon_Flag_Chn.Png using Guid(1af1970b58e9a42e5b365731d49e450d) Importer(815301076,1909f56bfc062723c751e8b465ee728b)  -> (artifact id: 'd6c25244d0a6bbfb74f9963958bc5b7b') in 0.094587 seconds 
========================================================================
Received Import Request.
  Time since last request: 0.000023 seconds.
  path: Assets/AssetPremium/GUI PRO Kit - Casual Game/ResourcesData/Sprite/Demo/Demo_CountryFlag/Icon_Flag_Jpn.Png
  artifactKey: Guid(00fc846610b024ecf9b6d9b497cbe286) Importer(815301076,1909f56bfc062723c751e8b465ee728b)
Start importing Assets/AssetPremium/GUI PRO Kit - Casual Game/ResourcesData/Sprite/Demo/Demo_CountryFlag/Icon_Flag_Jpn.Png using Guid(00fc846610b024ecf9b6d9b497cbe286) Importer(815301076,1909f56bfc062723c751e8b465ee728b)  -> (artifact id: '006b859e7c7919b7a9bff2c20fe2e18c') in 0.022378 seconds 
========================================================================
Received Import Request.
  Time since last request: 0.000021 seconds.
  path: Assets/AssetPremium/GUI PRO Kit - Casual Game/ResourcesData/Sprite/Demo/Demo_CountryFlag/Icon_Flag_Pol.Png
  artifactKey: Guid(0ea43b870df70469cafa894277d3bb4d) Importer(815301076,1909f56bfc062723c751e8b465ee728b)
Start importing Assets/AssetPremium/GUI PRO Kit - Casual Game/ResourcesData/Sprite/Demo/Demo_CountryFlag/Icon_Flag_Pol.Png using Guid(0ea43b870df70469cafa894277d3bb4d) Importer(815301076,1909f56bfc062723c751e8b465ee728b)  -> (artifact id: 'aaa6f8c6c0452ed85251f567f0e47147') in 0.024543 seconds 
========================================================================
Received Import Request.
  Time since last request: 0.000019 seconds.
  path: Assets/AssetPremium/GUI PRO Kit - Casual Game/ResourcesData/Sprite/Demo/Demo_CountryFlag/Icon_Flag_Kor.Png
  artifactKey: Guid(0da3b6c1a719249859abb2864ad75d6b) Importer(815301076,1909f56bfc062723c751e8b465ee728b)
Start importing Assets/AssetPremium/GUI PRO Kit - Casual Game/ResourcesData/Sprite/Demo/Demo_CountryFlag/Icon_Flag_Kor.Png using Guid(0da3b6c1a719249859abb2864ad75d6b) Importer(815301076,1909f56bfc062723c751e8b465ee728b)  -> (artifact id: 'b1360c32dd5f94709e203c074d391b59') in 0.024258 seconds 
========================================================================
Received Import Request.
  Time since last request: 0.000031 seconds.
  path: Assets/AssetPremium/GUI PRO Kit - Casual Game/ResourcesData/Sprite/Demo/Demo_CountryFlag/Icon_Flag_Rou.Png
  artifactKey: Guid(fc2f5d609fdb24e2ab42ec989f7c0d20) Importer(815301076,1909f56bfc062723c751e8b465ee728b)
Start importing Assets/AssetPremium/GUI PRO Kit - Casual Game/ResourcesData/Sprite/Demo/Demo_CountryFlag/Icon_Flag_Rou.Png using Guid(fc2f5d609fdb24e2ab42ec989f7c0d20) Importer(815301076,1909f56bfc062723c751e8b465ee728b)  -> (artifact id: 'bea4ee7daa92f5c20b1bddeae052d3ca') in 0.022033 seconds 
========================================================================
Received Import Request.
  Time since last request: 0.000018 seconds.
  path: Assets/AssetPremium/GUI PRO Kit - Casual Game/ResourcesData/Sprite/Demo/Demo_CountryFlag/Icon_Flag_Pra.Png
  artifactKey: Guid(d046e94dd655e4b9fb99e19a5b69b563) Importer(815301076,1909f56bfc062723c751e8b465ee728b)
Start importing Assets/AssetPremium/GUI PRO Kit - Casual Game/ResourcesData/Sprite/Demo/Demo_CountryFlag/Icon_Flag_Pra.Png using Guid(d046e94dd655e4b9fb99e19a5b69b563) Importer(815301076,1909f56bfc062723c751e8b465ee728b)  -> (artifact id: 'edc4596b23a94d6d3f5aed7fd4cff1f9') in 0.018979 seconds 
========================================================================
Received Import Request.
  Time since last request: 0.000015 seconds.
  path: Assets/AssetPremium/GUI PRO Kit - Casual Game/ResourcesData/Sprite/Demo/Demo_CountryFlag/Icon_LanguageFlag_Large_Chn.png
  artifactKey: Guid(68c9d8dac9c154c78a81912758e4fa3d) Importer(815301076,1909f56bfc062723c751e8b465ee728b)
Start importing Assets/AssetPremium/GUI PRO Kit - Casual Game/ResourcesData/Sprite/Demo/Demo_CountryFlag/Icon_LanguageFlag_Large_Chn.png using Guid(68c9d8dac9c154c78a81912758e4fa3d) Importer(815301076,1909f56bfc062723c751e8b465ee728b)  -> (artifact id: 'c42a92e765fdb5520666a3027281fc95') in 0.025029 seconds 
========================================================================
Received Import Request.
  Time since last request: 0.000016 seconds.
  path: Assets/AssetPremium/GUI PRO Kit - Casual Game/ResourcesData/Sprite/Demo/Demo_CountryFlag/Icon_Flag_Ita.Png
  artifactKey: Guid(0efda3f16051540b88e96b26fd73933b) Importer(815301076,1909f56bfc062723c751e8b465ee728b)
Start importing Assets/AssetPremium/GUI PRO Kit - Casual Game/ResourcesData/Sprite/Demo/Demo_CountryFlag/Icon_Flag_Ita.Png using Guid(0efda3f16051540b88e96b26fd73933b) Importer(815301076,1909f56bfc062723c751e8b465ee728b)  -> (artifact id: '5e7d13049150988a2ab4cee660fd73ca') in 0.021701 seconds 
========================================================================
Received Import Request.
  Time since last request: 0.000026 seconds.
  path: Assets/AssetPremium/GUI PRO Kit - Casual Game/ResourcesData/Sprite/Demo/Demo_CountryFlag/Icon_Flag_Tha.Png
  artifactKey: Guid(eaf63cd96c8104f589aa2541a206a5f1) Importer(815301076,1909f56bfc062723c751e8b465ee728b)
Start importing Assets/AssetPremium/GUI PRO Kit - Casual Game/ResourcesData/Sprite/Demo/Demo_CountryFlag/Icon_Flag_Tha.Png using Guid(eaf63cd96c8104f589aa2541a206a5f1) Importer(815301076,1909f56bfc062723c751e8b465ee728b)  -> (artifact id: '9a59b67e0665b5a076fcd96f4242b7e7') in 0.021532 seconds 
========================================================================
Received Import Request.
  Time since last request: 0.000021 seconds.
  path: Assets/AssetPremium/GUI PRO Kit - Casual Game/ResourcesData/Sprite/Demo/Demo_CountryFlag/Icon_Flag_Ina.Png
  artifactKey: Guid(01da09d3ef74b41a88aeb8a5e4fb2119) Importer(815301076,1909f56bfc062723c751e8b465ee728b)
Start importing Assets/AssetPremium/GUI PRO Kit - Casual Game/ResourcesData/Sprite/Demo/Demo_CountryFlag/Icon_Flag_Ina.Png using Guid(01da09d3ef74b41a88aeb8a5e4fb2119) Importer(815301076,1909f56bfc062723c751e8b465ee728b)  -> (artifact id: '8e3abb38935070dfa9a733a7469af686') in 0.021341 seconds 
========================================================================
Received Import Request.
  Time since last request: 0.115743 seconds.
  path: Assets/AssetPremium/GUI PRO Kit - Casual Game/ResourcesData/Sprite/Demo/Demo_CountryFlag/Icon_LanguageFlag_Large_Eng.png
  artifactKey: Guid(77a9d892ce0a9494388c3e8e2c94b25e) Importer(815301076,1909f56bfc062723c751e8b465ee728b)
Start importing Assets/AssetPremium/GUI PRO Kit - Casual Game/ResourcesData/Sprite/Demo/Demo_CountryFlag/Icon_LanguageFlag_Large_Eng.png using Guid(77a9d892ce0a9494388c3e8e2c94b25e) Importer(815301076,1909f56bfc062723c751e8b465ee728b)  -> (artifact id: '2142e3ce2178013cbb051c0bb59513ab') in 0.025886 seconds 
========================================================================
Received Import Request.
  Time since last request: 0.000020 seconds.
  path: Assets/AssetPremium/GUI PRO Kit - Casual Game/ResourcesData/Sprite/Demo/Demo_CountryFlag/Icon_LanguageFlag_Large_Gre.Png
  artifactKey: Guid(9ff5faddb64b545f2b28694991af274f) Importer(815301076,1909f56bfc062723c751e8b465ee728b)
Start importing Assets/AssetPremium/GUI PRO Kit - Casual Game/ResourcesData/Sprite/Demo/Demo_CountryFlag/Icon_LanguageFlag_Large_Gre.Png using Guid(9ff5faddb64b545f2b28694991af274f) Importer(815301076,1909f56bfc062723c751e8b465ee728b)  -> (artifact id: 'b57f9f4f00b9cb753e5f7a791dab60fc') in 0.025316 seconds 
========================================================================
Received Import Request.
  Time since last request: 0.000019 seconds.
  path: Assets/AssetPremium/GUI PRO Kit - Casual Game/ResourcesData/Sprite/Demo/Demo_CountryFlag/Icon_LanguageFlag_Large_Jpn.Png
  artifactKey: Guid(b262888b51e2b451789cfb125ac89a56) Importer(815301076,1909f56bfc062723c751e8b465ee728b)
Start importing Assets/AssetPremium/GUI PRO Kit - Casual Game/ResourcesData/Sprite/Demo/Demo_CountryFlag/Icon_LanguageFlag_Large_Jpn.Png using Guid(b262888b51e2b451789cfb125ac89a56) Importer(815301076,1909f56bfc062723c751e8b465ee728b)  -> (artifact id: '6e7466347a292404062257ac5af53775') in 0.021516 seconds 
========================================================================
Received Import Request.
  Time since last request: 0.000017 seconds.
  path: Assets/AssetPremium/GUI PRO Kit - Casual Game/ResourcesData/Sprite/Demo/Demo_CountryFlag/Icon_LanguageFlag_Large_Tha.Png
  artifactKey: Guid(104912f320f7049fd8b3341edfd9093e) Importer(815301076,1909f56bfc062723c751e8b465ee728b)
Start importing Assets/AssetPremium/GUI PRO Kit - Casual Game/ResourcesData/Sprite/Demo/Demo_CountryFlag/Icon_LanguageFlag_Large_Tha.Png using Guid(104912f320f7049fd8b3341edfd9093e) Importer(815301076,1909f56bfc062723c751e8b465ee728b)  -> (artifact id: 'b179ea656fd9b6e769d4c940f7a4185b') in 0.021082 seconds 
========================================================================
Received Import Request.
  Time since last request: 0.000026 seconds.
  path: Assets/AssetPremium/GUI PRO Kit - Casual Game/ResourcesData/Sprite/Demo/Demo_CountryFlag/Icon_LanguageFlag_Large_Rus.Png
  artifactKey: Guid(7af9652001132497ba7088f0b27ebe03) Importer(815301076,1909f56bfc062723c751e8b465ee728b)
Start importing Assets/AssetPremium/GUI PRO Kit - Casual Game/ResourcesData/Sprite/Demo/Demo_CountryFlag/Icon_LanguageFlag_Large_Rus.Png using Guid(7af9652001132497ba7088f0b27ebe03) Importer(815301076,1909f56bfc062723c751e8b465ee728b)  -> (artifact id: '92f4edbb800df8a5182726d538e366e7') in 0.022992 seconds 
========================================================================
Received Import Request.
  Time since last request: 0.000017 seconds.
  path: Assets/AssetPremium/GUI PRO Kit - Casual Game/ResourcesData/Sprite/Demo/Demo_CountryFlag/Icon_LanguageFlag_Large_Kor.Png
  artifactKey: Guid(4e75ac6e2ecb7459bb371db0894b53ff) Importer(815301076,1909f56bfc062723c751e8b465ee728b)
Start importing Assets/AssetPremium/GUI PRO Kit - Casual Game/ResourcesData/Sprite/Demo/Demo_CountryFlag/Icon_LanguageFlag_Large_Kor.Png using Guid(4e75ac6e2ecb7459bb371db0894b53ff) Importer(815301076,1909f56bfc062723c751e8b465ee728b)  -> (artifact id: '8f0955882aefe19f38990a8514e36a96') in 0.023097 seconds 
========================================================================
Received Import Request.
  Time since last request: 0.000019 seconds.
  path: Assets/AssetPremium/GUI PRO Kit - Casual Game/ResourcesData/Sprite/Demo/Demo_CountryFlag/Icon_LanguageFlag_Large_Rou.Png
  artifactKey: Guid(44d3e5d54bd44457baab1fd96d8c39bc) Importer(815301076,1909f56bfc062723c751e8b465ee728b)
Start importing Assets/AssetPremium/GUI PRO Kit - Casual Game/ResourcesData/Sprite/Demo/Demo_CountryFlag/Icon_LanguageFlag_Large_Rou.Png using Guid(44d3e5d54bd44457baab1fd96d8c39bc) Importer(815301076,1909f56bfc062723c751e8b465ee728b)  -> (artifact id: 'd4c4d851472584f8f5f494fbc32db9ea') in 0.022721 seconds 
========================================================================
Received Import Request.
  Time since last request: 0.000033 seconds.
  path: Assets/AssetPremium/GUI PRO Kit - Casual Game/ResourcesData/Sprite/Demo/Demo_CountryFlag/Icon_LanguageFlag_Large_Prt.Png
  artifactKey: Guid(188d1ec6074c9435ca11e3a30be714e9) Importer(815301076,1909f56bfc062723c751e8b465ee728b)
Start importing Assets/AssetPremium/GUI PRO Kit - Casual Game/ResourcesData/Sprite/Demo/Demo_CountryFlag/Icon_LanguageFlag_Large_Prt.Png using Guid(188d1ec6074c9435ca11e3a30be714e9) Importer(815301076,1909f56bfc062723c751e8b465ee728b)  -> (artifact id: '6679462e11ea27d4be3c360e2a34c4dd') in 0.020079 seconds 
========================================================================
Received Import Request.
  Time since last request: 0.192247 seconds.
  path: Assets/AssetPremium/GUI PRO Kit - Casual Game/ResourcesData/Sprite/Demo/Demo_CountryFlag/Icon_LanguageFlag_Large_Tur.Png
  artifactKey: Guid(f96ed64c1140a44688663b65a678910a) Importer(815301076,1909f56bfc062723c751e8b465ee728b)
Start importing Assets/AssetPremium/GUI PRO Kit - Casual Game/ResourcesData/Sprite/Demo/Demo_CountryFlag/Icon_LanguageFlag_Large_Tur.Png using Guid(f96ed64c1140a44688663b65a678910a) Importer(815301076,1909f56bfc062723c751e8b465ee728b)  -> (artifact id: 'cce6edbf6206756e6dbd6b47cb4a4952') in 0.024440 seconds 
========================================================================
Received Import Request.
  Time since last request: 0.000020 seconds.
  path: Assets/AssetPremium/GUI PRO Kit - Casual Game/ResourcesData/Sprite/Demo/Demo_CountryFlag/Icon_LanguageFlag_Small_Fra.png
  artifactKey: Guid(14c31f568382d4900b7eb501f698fc71) Importer(815301076,1909f56bfc062723c751e8b465ee728b)
Start importing Assets/AssetPremium/GUI PRO Kit - Casual Game/ResourcesData/Sprite/Demo/Demo_CountryFlag/Icon_LanguageFlag_Small_Fra.png using Guid(14c31f568382d4900b7eb501f698fc71) Importer(815301076,1909f56bfc062723c751e8b465ee728b)  -> (artifact id: 'c8c54febac1c8d61ef89730cacd44236') in 0.021089 seconds 
========================================================================
Received Import Request.
  Time since last request: 0.000024 seconds.
  path: Assets/AssetPremium/GUI PRO Kit - Casual Game/ResourcesData/Sprite/Demo/Demo_CountryFlag/Icon_LanguageFlag_Large_Vnm.Png
  artifactKey: Guid(9d86ba8c92d0649ec8bfc58e0a19fee4) Importer(815301076,1909f56bfc062723c751e8b465ee728b)
Start importing Assets/AssetPremium/GUI PRO Kit - Casual Game/ResourcesData/Sprite/Demo/Demo_CountryFlag/Icon_LanguageFlag_Large_Vnm.Png using Guid(9d86ba8c92d0649ec8bfc58e0a19fee4) Importer(815301076,1909f56bfc062723c751e8b465ee728b)  -> (artifact id: '8ef260cb5eb9cc4c9b6fb5e83fa84796') in 0.021649 seconds 
========================================================================
Received Import Request.
  Time since last request: 0.000102 seconds.
  path: Assets/AssetPremium/GUI PRO Kit - Casual Game/ResourcesData/Sprite/Demo/Demo_CountryFlag/Icon_LanguageFlag_Small_Rou.png
  artifactKey: Guid(86ef8e58b4c784337aeff7d793f87526) Importer(815301076,1909f56bfc062723c751e8b465ee728b)
Start importing Assets/AssetPremium/GUI PRO Kit - Casual Game/ResourcesData/Sprite/Demo/Demo_CountryFlag/Icon_LanguageFlag_Small_Rou.png using Guid(86ef8e58b4c784337aeff7d793f87526) Importer(815301076,1909f56bfc062723c751e8b465ee728b)  -> (artifact id: 'a03d3afe75a69bc4c063cbe4ee8de6cc') in 0.019798 seconds 
========================================================================
Received Import Request.
  Time since last request: 0.000021 seconds.
  path: Assets/AssetPremium/GUI PRO Kit - Casual Game/ResourcesData/Sprite/Demo/Demo_CountryFlag/Icon_LanguageFlag_Small_Kor.png
  artifactKey: Guid(4daa02b47ce2e4ad89de1dcdacc0e2b5) Importer(815301076,1909f56bfc062723c751e8b465ee728b)
Start importing Assets/AssetPremium/GUI PRO Kit - Casual Game/ResourcesData/Sprite/Demo/Demo_CountryFlag/Icon_LanguageFlag_Small_Kor.png using Guid(4daa02b47ce2e4ad89de1dcdacc0e2b5) Importer(815301076,1909f56bfc062723c751e8b465ee728b)  -> (artifact id: '65e79997033a3f4f0e2ff16a8bb4fe6c') in 0.025973 seconds 
========================================================================
Received Import Request.
  Time since last request: 0.000018 seconds.
  path: Assets/AssetPremium/GUI PRO Kit - Casual Game/ResourcesData/Sprite/Demo/Demo_CountryFlag/Icon_LanguageFlag_Small_Pra.png
  artifactKey: Guid(7293304e60d7a481d828cddf56e3fb17) Importer(815301076,1909f56bfc062723c751e8b465ee728b)
Start importing Assets/AssetPremium/GUI PRO Kit - Casual Game/ResourcesData/Sprite/Demo/Demo_CountryFlag/Icon_LanguageFlag_Small_Pra.png using Guid(7293304e60d7a481d828cddf56e3fb17) Importer(815301076,1909f56bfc062723c751e8b465ee728b)  -> (artifact id: '9d78031dc5329fc71e903d9ca6d80c0f') in 0.022421 seconds 
========================================================================
Received Import Request.
  Time since last request: 0.000021 seconds.
  path: Assets/AssetPremium/GUI PRO Kit - Casual Game/ResourcesData/Sprite/Demo/Demo_CountryFlag/Icon_LanguageFlag_Small_Pol.png
  artifactKey: Guid(d96e6aec9636649398064ea3d75dca44) Importer(815301076,1909f56bfc062723c751e8b465ee728b)
Start importing Assets/AssetPremium/GUI PRO Kit - Casual Game/ResourcesData/Sprite/Demo/Demo_CountryFlag/Icon_LanguageFlag_Small_Pol.png using Guid(d96e6aec9636649398064ea3d75dca44) Importer(815301076,1909f56bfc062723c751e8b465ee728b)  -> (artifact id: 'a5e1a521898995c3e23afb162dd3d801') in 0.022726 seconds 
========================================================================
Received Import Request.
  Time since last request: 0.000031 seconds.
  path: Assets/AssetPremium/GUI PRO Kit - Casual Game/ResourcesData/Sprite/Demo/Demo_CountryFlag/Icon_LanguageFlag_Small_Gre.png
  artifactKey: Guid(f24e59f30a0df4d18962362f67f92032) Importer(815301076,1909f56bfc062723c751e8b465ee728b)
Start importing Assets/AssetPremium/GUI PRO Kit - Casual Game/ResourcesData/Sprite/Demo/Demo_CountryFlag/Icon_LanguageFlag_Small_Gre.png using Guid(f24e59f30a0df4d18962362f67f92032) Importer(815301076,1909f56bfc062723c751e8b465ee728b)  -> (artifact id: '22a2af083870049f8c6286e8fb7777e4') in 0.023266 seconds 
========================================================================
Received Import Request.
  Time since last request: 0.000023 seconds.
  path: Assets/AssetPremium/GUI PRO Kit - Casual Game/ResourcesData/Sprite/Demo/Demo_CountryFlag/Icon_LanguageFlag_Small_Chn.png
  artifactKey: Guid(511e65d70fe6d4c10971352fc864a099) Importer(815301076,1909f56bfc062723c751e8b465ee728b)
Start importing Assets/AssetPremium/GUI PRO Kit - Casual Game/ResourcesData/Sprite/Demo/Demo_CountryFlag/Icon_LanguageFlag_Small_Chn.png using Guid(511e65d70fe6d4c10971352fc864a099) Importer(815301076,1909f56bfc062723c751e8b465ee728b)  -> (artifact id: '4add721677d41b68bc7b9e3af0b7a874') in 0.021417 seconds 
========================================================================
Received Import Request.
  Time since last request: 0.000043 seconds.
  path: Assets/AssetPremium/GUI PRO Kit - Casual Game/ResourcesData/Sprite/Demo/Demo_CountryFlag/Icon_LanguageFlag_Small_Prt.png
  artifactKey: Guid(db0a0ff46d4864e7485eb0d56dc06a62) Importer(815301076,1909f56bfc062723c751e8b465ee728b)
Start importing Assets/AssetPremium/GUI PRO Kit - Casual Game/ResourcesData/Sprite/Demo/Demo_CountryFlag/Icon_LanguageFlag_Small_Prt.png using Guid(db0a0ff46d4864e7485eb0d56dc06a62) Importer(815301076,1909f56bfc062723c751e8b465ee728b)  -> (artifact id: '809e55fa50c3b9a2306bc9e8fa6f0e84') in 0.021355 seconds 
========================================================================
Received Import Request.
  Time since last request: 0.000017 seconds.
  path: Assets/AssetPremium/GUI PRO Kit - Casual Game/ResourcesData/Sprite/Demo/Demo_CountryFlag/Icon_LanguageFlag_Small_Twn.png
  artifactKey: Guid(97a5d3e4798ee40fd88365eb180d2b46) Importer(815301076,1909f56bfc062723c751e8b465ee728b)
Start importing Assets/AssetPremium/GUI PRO Kit - Casual Game/ResourcesData/Sprite/Demo/Demo_CountryFlag/Icon_LanguageFlag_Small_Twn.png using Guid(97a5d3e4798ee40fd88365eb180d2b46) Importer(815301076,1909f56bfc062723c751e8b465ee728b)  -> (artifact id: 'f58ec4e91c4e020562546e00181c1a50') in 0.022791 seconds 
========================================================================
Received Import Request.
  Time since last request: 0.000024 seconds.
  path: Assets/AssetPremium/GUI PRO Kit - Casual Game/ResourcesData/Sprite/Demo/Demo_CountryFlag/Icon_LanguageFlag_Small_Ina.png
  artifactKey: Guid(b6ef400907c7348ee9f08454bbd6816c) Importer(815301076,1909f56bfc062723c751e8b465ee728b)
Start importing Assets/AssetPremium/GUI PRO Kit - Casual Game/ResourcesData/Sprite/Demo/Demo_CountryFlag/Icon_LanguageFlag_Small_Ina.png using Guid(b6ef400907c7348ee9f08454bbd6816c) Importer(815301076,1909f56bfc062723c751e8b465ee728b)  -> (artifact id: '8519db877929f028d8318d948efb60a8') in 0.021971 seconds 
Editor requested this worker to shutdown with reason: Scaling down because of idle timeout
AssetImportWorker is now disconnected from the server
Process exiting
Exiting without the bug reporter. Application will terminate with return code 0