Using pre-set license
Built from '2021.3/release' branch; Version is '2021.3.17f1 (3e8111cac19d) revision 4096273'; Using compiler version '192829333'; Build Type 'Release'
OS: 'Windows 11  (10.0.22621) 64bit Core' Language: 'it' Physical Memory: 16088 MB
BatchMode: 1, IsHumanControllingUs: 0, StartBugReporterOnCrash: 0, Is64bit: 1, IsPro: 1

COMMAND LINE ARGUMENTS:
C:\Program Files\Unity\Hub\Editor\2021.3.17f1\Editor\Unity.exe
-adb2
-batchMode
-noUpm
-name
AssetImportWorker13
-projectPath
C:/Users/samba/GitFile/GitHubPATW/Pino around the World!
-logFile
Logs/AssetImportWorker13.log
-srvPort
53666
Successfully changed project path to: C:/Users/samba/GitFile/GitHubPATW/Pino around the World!
C:/Users/samba/GitFile/GitHubPATW/Pino around the World!
[UnityMemory] Configuration Parameters - Can be set up in boot.config
    "memorysetup-bucket-allocator-granularity=16"
    "memorysetup-bucket-allocator-bucket-count=8"
    "memorysetup-bucket-allocator-block-size=33554432"
    "memorysetup-bucket-allocator-block-count=8"
    "memorysetup-main-allocator-block-size=16777216"
    "memorysetup-thread-allocator-block-size=16777216"
    "memorysetup-gfx-main-allocator-block-size=16777216"
    "memorysetup-gfx-thread-allocator-block-size=16777216"
    "memorysetup-cache-allocator-block-size=4194304"
    "memorysetup-typetree-allocator-block-size=2097152"
    "memorysetup-profiler-bucket-allocator-granularity=16"
    "memorysetup-profiler-bucket-allocator-bucket-count=8"
    "memorysetup-profiler-bucket-allocator-block-size=33554432"
    "memorysetup-profiler-bucket-allocator-block-count=8"
    "memorysetup-profiler-allocator-block-size=16777216"
    "memorysetup-profiler-editor-allocator-block-size=1048576"
    "memorysetup-temp-allocator-size-main=16777216"
    "memorysetup-job-temp-allocator-block-size=2097152"
    "memorysetup-job-temp-allocator-block-size-background=1048576"
    "memorysetup-job-temp-allocator-reduction-small-platforms=262144"
    "memorysetup-temp-allocator-size-background-worker=32768"
    "memorysetup-temp-allocator-size-job-worker=262144"
    "memorysetup-temp-allocator-size-preload-manager=33554432"
    "memorysetup-temp-allocator-size-nav-mesh-worker=65536"
    "memorysetup-temp-allocator-size-audio-worker=65536"
    "memorysetup-temp-allocator-size-cloud-worker=32768"
    "memorysetup-temp-allocator-size-gi-baking-worker=262144"
    "memorysetup-temp-allocator-size-gfx=262144"
Player connection [23344] Host "[IP] 192.168.1.105 [Port] 0 [Flags] 2 [Guid] 1691017913 [EditorId] 1691017913 [Version] 1048832 [Id] WindowsEditor(7,MSI) [Debug] 1 [PackageName] WindowsEditor [ProjectName] Editor" joined multi-casting on [225.0.0.222:54997]...

Player connection [23344] Host "[IP] 192.168.1.105 [Port] 0 [Flags] 2 [Guid] 1691017913 [EditorId] 1691017913 [Version] 1048832 [Id] WindowsEditor(7,MSI) [Debug] 1 [PackageName] WindowsEditor [ProjectName] Editor" joined alternative multi-casting on [225.0.0.222:34997]...

Refreshing native plugins compatible for Editor in 98.09 ms, found 3 plugins.
Preloading 0 native plugins for Editor in 0.00 ms.
Initialize engine version: 2021.3.17f1 (3e8111cac19d)
[Subsystems] Discovering subsystems at path C:/Program Files/Unity/Hub/Editor/2021.3.17f1/Editor/Data/Resources/UnitySubsystems
[Subsystems] Discovering subsystems at path C:/Users/samba/GitFile/GitHubPATW/Pino around the World!/Assets
GfxDevice: creating device client; threaded=0; jobified=0
Direct3D:
    Version:  Direct3D 11.0 [level 11.1]
    Renderer: NVIDIA GeForce RTX 3060 Laptop GPU (ID=0x2520)
    Vendor:   NVIDIA
    VRAM:     6010 MB
    Driver:   31.0.15.4592
Initialize mono
Mono path[0] = 'C:/Program Files/Unity/Hub/Editor/2021.3.17f1/Editor/Data/Managed'
Mono path[1] = 'C:/Program Files/Unity/Hub/Editor/2021.3.17f1/Editor/Data/MonoBleedingEdge/lib/mono/unityjit-win32'
Mono config path = 'C:/Program Files/Unity/Hub/Editor/2021.3.17f1/Editor/Data/MonoBleedingEdge/etc'
Using monoOptions --debugger-agent=transport=dt_socket,embedding=1,server=y,suspend=n,address=127.0.0.1:56896
Begin MonoManager ReloadAssembly
Registering precompiled unity dll's ...
Register platform support module: C:/Program Files/Unity/Hub/Editor/2021.3.17f1/Editor/Data/PlaybackEngines/MacStandaloneSupport/UnityEditor.OSXStandalone.Extensions.dll
Register platform support module: C:/Program Files/Unity/Hub/Editor/2021.3.17f1/Editor/Data/PlaybackEngines/AndroidPlayer/UnityEditor.Android.Extensions.dll
Register platform support module: C:/Program Files/Unity/Hub/Editor/2021.3.17f1/Editor/Data/PlaybackEngines/WindowsStandaloneSupport/UnityEditor.WindowsStandalone.Extensions.dll
Register platform support module: C:/Program Files/Unity/Hub/Editor/2021.3.17f1/Editor/Data/PlaybackEngines/LinuxStandaloneSupport/UnityEditor.LinuxStandalone.Extensions.dll
Register platform support module: C:/Program Files/Unity/Hub/Editor/2021.3.17f1/Editor/Data/PlaybackEngines/MetroSupport/UnityEditor.UWP.Extensions.dll
Registered in 0.006966 seconds.
Native extension for UWP target not found
Native extension for LinuxStandalone target not found
Native extension for WindowsStandalone target not found
Native extension for Android target not found
Android Extension - Scanning For ADB Devices 240 ms
Native extension for OSXStandalone target not found
Refreshing native plugins compatible for Editor in 91.06 ms, found 3 plugins.
Preloading 0 native plugins for Editor in 0.00 ms.
Mono: successfully reloaded assembly
- Completed reload, in  0.764 seconds
Domain Reload Profiling:
	ReloadAssembly (764ms)
		BeginReloadAssembly (55ms)
			ExecutionOrderSort (0ms)
			DisableScriptedObjects (0ms)
			BackupInstance (0ms)
			ReleaseScriptingObjects (0ms)
			CreateAndSetChildDomain (1ms)
		EndReloadAssembly (623ms)
			LoadAssemblies (55ms)
			RebuildTransferFunctionScriptingTraits (0ms)
			SetupTypeCache (78ms)
			ReleaseScriptCaches (0ms)
			RebuildScriptCaches (19ms)
			SetupLoadedEditorAssemblies (486ms)
				LogAssemblyErrors (0ms)
				InitializePlatformSupportModulesInManaged (305ms)
				SetLoadedEditorAssemblies (0ms)
				RefreshPlugins (91ms)
				BeforeProcessingInitializeOnLoad (1ms)
				ProcessInitializeOnLoadAttributes (60ms)
				ProcessInitializeOnLoadMethodAttributes (29ms)
				AfterProcessingInitializeOnLoad (0ms)
				EditorAssembliesLoaded (0ms)
			ExecutionOrderSort2 (0ms)
			AwakeInstancesAfterBackupRestoration (0ms)
Platform modules already initialized, skipping
Registering precompiled user dll's ...
Registered in 0.003933 seconds.
Begin MonoManager ReloadAssembly
Symbol file LoadedFromMemory doesn't match image C:\Users\samba\GitFile\GitHubPATW\Pino around the World!\Library\PackageCache\com.unity.visualscripting@1.8.0\Editor\VisualScripting.Core\Dependencies\YamlDotNet\Unity.VisualScripting.YamlDotNet.dll
Symbol file LoadedFromMemory doesn't match image C:\Users\samba\GitFile\GitHubPATW\Pino around the World!\Library\PackageCache\com.unity.visualscripting@1.8.0\Editor\VisualScripting.Core\Dependencies\DotNetZip\Unity.VisualScripting.IonicZip.dll
Native extension for UWP target not found
Native extension for LinuxStandalone target not found
Native extension for WindowsStandalone target not found
Native extension for Android target not found
Native extension for OSXStandalone target not found
Refreshing native plugins compatible for Editor in 87.99 ms, found 3 plugins.
Preloading 0 native plugins for Editor in 0.00 ms.
Mono: successfully reloaded assembly
- Completed reload, in  0.927 seconds
Domain Reload Profiling:
	ReloadAssembly (927ms)
		BeginReloadAssembly (75ms)
			ExecutionOrderSort (0ms)
			DisableScriptedObjects (4ms)
			BackupInstance (0ms)
			ReleaseScriptingObjects (0ms)
			CreateAndSetChildDomain (14ms)
		EndReloadAssembly (768ms)
			LoadAssemblies (63ms)
			RebuildTransferFunctionScriptingTraits (0ms)
			SetupTypeCache (206ms)
			ReleaseScriptCaches (0ms)
			RebuildScriptCaches (38ms)
			SetupLoadedEditorAssemblies (413ms)
				LogAssemblyErrors (0ms)
				InitializePlatformSupportModulesInManaged (17ms)
				SetLoadedEditorAssemblies (0ms)
				RefreshPlugins (88ms)
				BeforeProcessingInitializeOnLoad (67ms)
				ProcessInitializeOnLoadAttributes (220ms)
				ProcessInitializeOnLoadMethodAttributes (14ms)
				AfterProcessingInitializeOnLoad (5ms)
				EditorAssembliesLoaded (0ms)
			ExecutionOrderSort2 (0ms)
			AwakeInstancesAfterBackupRestoration (4ms)
Platform modules already initialized, skipping
========================================================================
Worker process is ready to serve import requests
Launched and connected shader compiler UnityShaderCompiler.exe after 0.04 seconds
Refreshing native plugins compatible for Editor in 1.18 ms, found 3 plugins.
Preloading 0 native plugins for Editor in 0.00 ms.
Unloading 3963 Unused Serialized files (Serialized files now loaded: 0)
Unloading 42 unused Assets / (1.3 MB). Loaded Objects now: 4417.
Memory consumption went from 155.8 MB to 154.5 MB.
Total: 4.759300 ms (FindLiveObjects: 0.271100 ms CreateObjectMapping: 0.214000 ms MarkObjects: 3.890400 ms  DeleteObjects: 0.382700 ms)

AssetImportParameters requested are different than current active one (requested -> active):
  custom:video-decoder-ogg-theora: a1e56fd34408186e4bbccfd4996cb3dc -> 
  custom:container-muxer-webm: aa71ff27fc2769a1b78a27578f13a17b -> 
  custom:container-demuxer-webm: 4f35f7cbe854078d1ac9338744f61a02 -> 
  custom:video-encoder-webm-vp8: eb34c28f22e8b96e1ab97ce403110664 -> 
  custom:audio-encoder-webm-vorbis: bf7c407c2cedff20999df2af8eb42d56 -> 
  custom:framework-win-MediaFoundation: 216162199b28c13a410421893ffa2e32 -> 
  custom:container-demuxer-ogg: 62fdf1f143b41e24485cea50d1cbac27 -> 
  custom:video-decoder-webm-vp8: 9c59270c3fd7afecdb556c50c9e8de78 -> 
  custom:audio-decoder-ogg-vorbis: bf7c407c2cedff20999df2af8eb42d56 -> 
========================================================================
Received Import Request.
  Time since last request: 159582.273149 seconds.
  path: Assets/AssetPremium/Toon Fantasy Nature/Prefabs/Vegetation/Mushrooms/TFF_Mushrooms_02A.prefab
  artifactKey: Guid(d7b24248323dfd8449067ce0ef1ffb36) Importer(815301076,1909f56bfc062723c751e8b465ee728b)
Start importing Assets/AssetPremium/Toon Fantasy Nature/Prefabs/Vegetation/Mushrooms/TFF_Mushrooms_02A.prefab using Guid(d7b24248323dfd8449067ce0ef1ffb36) Importer(815301076,1909f56bfc062723c751e8b465ee728b)  -> (artifact id: '79c07fdc58514ed86b8677d8923aa914') in 0.128349 seconds 
========================================================================
Received Import Request.
  Time since last request: 0.000027 seconds.
  path: Assets/AssetPremium/Toon Fantasy Nature/Prefabs/Vegetation/Mushrooms/TFF_Mushrooms_09A.prefab
  artifactKey: Guid(41893cb09f7855741a654324baf6d9e4) Importer(815301076,1909f56bfc062723c751e8b465ee728b)
Start importing Assets/AssetPremium/Toon Fantasy Nature/Prefabs/Vegetation/Mushrooms/TFF_Mushrooms_09A.prefab using Guid(41893cb09f7855741a654324baf6d9e4) Importer(815301076,1909f56bfc062723c751e8b465ee728b)  -> (artifact id: 'cdecaf22fe3a25d9b8501e7aa6a1d757') in 0.021861 seconds 
========================================================================
Received Import Request.
  Time since last request: 5.025862 seconds.
  path: Assets/AssetPremium/Toon Fantasy Nature/Prefabs/Vegetation/Water Plants/TFF_Glowing_Lilly_02A.prefab
  artifactKey: Guid(71667d27a8e8a3c4da7467c9c1355a68) Importer(815301076,1909f56bfc062723c751e8b465ee728b)
Start importing Assets/AssetPremium/Toon Fantasy Nature/Prefabs/Vegetation/Water Plants/TFF_Glowing_Lilly_02A.prefab using Guid(71667d27a8e8a3c4da7467c9c1355a68) Importer(815301076,1909f56bfc062723c751e8b465ee728b)  -> (artifact id: 'be24ce8d0446b7f697aba428b52c7e0b') in 0.024830 seconds 
========================================================================
Received Import Request.
  Time since last request: 0.000019 seconds.
  path: Assets/AssetPremium/Toon Fantasy Nature/Prefabs/Vegetation/Water Plants/TFF_Lotus_Flower_02A.prefab
  artifactKey: Guid(eb231732d5d4e3a4cbf8c3b0e0f2e64c) Importer(815301076,1909f56bfc062723c751e8b465ee728b)
Start importing Assets/AssetPremium/Toon Fantasy Nature/Prefabs/Vegetation/Water Plants/TFF_Lotus_Flower_02A.prefab using Guid(eb231732d5d4e3a4cbf8c3b0e0f2e64c) Importer(815301076,1909f56bfc062723c751e8b465ee728b)  -> (artifact id: '98f7d546cca24954411304a98f9de06f') in 0.019688 seconds 
========================================================================
Received Import Request.
  Time since last request: 0.000021 seconds.
  path: Assets/AssetPremium/Toon Fantasy Nature/Prefabs/Vegetation/Water Plants/TFF_Lotus_Leaf_02A.prefab
  artifactKey: Guid(d10c5f6d54c679846bb006cd79df0bec) Importer(815301076,1909f56bfc062723c751e8b465ee728b)
Start importing Assets/AssetPremium/Toon Fantasy Nature/Prefabs/Vegetation/Water Plants/TFF_Lotus_Leaf_02A.prefab using Guid(d10c5f6d54c679846bb006cd79df0bec) Importer(815301076,1909f56bfc062723c751e8b465ee728b)  -> (artifact id: '719a998ef16c0990a7ac2bbdb5e959c6') in 0.021619 seconds 
========================================================================
Received Import Request.
  Time since last request: 0.000019 seconds.
  path: Assets/AssetPremium/Toon Fantasy Nature/Prefabs/Vegetation/Water Plants/TFF_Water_LillY_Leaf_02B.prefab
  artifactKey: Guid(ac93a8cfd775eb042b004f78ab70826d) Importer(815301076,1909f56bfc062723c751e8b465ee728b)
Start importing Assets/AssetPremium/Toon Fantasy Nature/Prefabs/Vegetation/Water Plants/TFF_Water_LillY_Leaf_02B.prefab using Guid(ac93a8cfd775eb042b004f78ab70826d) Importer(815301076,1909f56bfc062723c751e8b465ee728b)  -> (artifact id: '65669c723457bf88ff2940ebbf2f29de') in 0.034823 seconds 
========================================================================
Received Import Request.
  Time since last request: 16.576775 seconds.
  path: Assets/AssetPremium/Toon Fantasy Nature/Prefabs/Vegetation/Mushrooms/TFF_Mushrooms_02A.prefab
  artifactKey: Guid(d7b24248323dfd8449067ce0ef1ffb36) Importer(815301076,1909f56bfc062723c751e8b465ee728b)
Start importing Assets/AssetPremium/Toon Fantasy Nature/Prefabs/Vegetation/Mushrooms/TFF_Mushrooms_02A.prefab using Guid(d7b24248323dfd8449067ce0ef1ffb36) Importer(815301076,1909f56bfc062723c751e8b465ee728b)  -> (artifact id: 'd4b6888e4c663c3339cdd3e0d9ce4a57') in 0.033561 seconds 
========================================================================
Received Import Request.
  Time since last request: 0.000020 seconds.
  path: Assets/AssetPremium/Toon Fantasy Nature/Prefabs/Vegetation/Mushrooms/TFF_Mushrooms_10A.prefab
  artifactKey: Guid(bb61352eae54f8b46a4c995d380a8332) Importer(815301076,1909f56bfc062723c751e8b465ee728b)
Start importing Assets/AssetPremium/Toon Fantasy Nature/Prefabs/Vegetation/Mushrooms/TFF_Mushrooms_10A.prefab using Guid(bb61352eae54f8b46a4c995d380a8332) Importer(815301076,1909f56bfc062723c751e8b465ee728b)  -> (artifact id: 'efde3ceb5b346234c84a0bdf19e04eb5') in 0.025159 seconds 
========================================================================
Received Import Request.
  Time since last request: 0.000024 seconds.
  path: Assets/AssetPremium/Toon Fantasy Nature/Prefabs/Vegetation/Mushrooms/TFF_Mushrooms_16A.prefab
  artifactKey: Guid(9a1d18c67e4dfce46ae05354694fef60) Importer(815301076,1909f56bfc062723c751e8b465ee728b)
Start importing Assets/AssetPremium/Toon Fantasy Nature/Prefabs/Vegetation/Mushrooms/TFF_Mushrooms_16A.prefab using Guid(9a1d18c67e4dfce46ae05354694fef60) Importer(815301076,1909f56bfc062723c751e8b465ee728b)  -> (artifact id: '155dcfa267f11ac0f537619bc13106e4') in 0.026868 seconds 
========================================================================
Received Import Request.
  Time since last request: 0.000026 seconds.
  path: Assets/AssetPremium/Toon Fantasy Nature/Prefabs/Vegetation/Mushrooms/TFF_Mushrooms_04A.prefab
  artifactKey: Guid(46fc5ef565407144cbd8e3ca7febc31f) Importer(815301076,1909f56bfc062723c751e8b465ee728b)
Start importing Assets/AssetPremium/Toon Fantasy Nature/Prefabs/Vegetation/Mushrooms/TFF_Mushrooms_04A.prefab using Guid(46fc5ef565407144cbd8e3ca7febc31f) Importer(815301076,1909f56bfc062723c751e8b465ee728b)  -> (artifact id: 'f61ab69fe8efe0ef1b46b79694b4b9ed') in 0.010617 seconds 
Editor requested this worker to shutdown with reason: Scaling down because of idle timeout
AssetImportWorker is now disconnected from the server
Process exiting
Exiting without the bug reporter. Application will terminate with return code 0