Using pre-set license
Built from '2021.3/release' branch; Version is '2021.3.17f1 (3e8111cac19d) revision 4096273'; Using compiler version '192829333'; Build Type 'Release'
OS: 'Windows 11  (10.0.22621) 64bit Core' Language: 'it' Physical Memory: 16088 MB
BatchMode: 1, IsHumanControllingUs: 0, StartBugReporterOnCrash: 0, Is64bit: 1, IsPro: 1

COMMAND LINE ARGUMENTS:
C:\Program Files\Unity\Hub\Editor\2021.3.17f1\Editor\Unity.exe
-adb2
-batchMode
-noUpm
-name
AssetImportWorker8
-projectPath
C:/Users/samba/GitFile/GitHubPATW/Pino around the World!
-logFile
Logs/AssetImportWorker8.log
-srvPort
50971
Successfully changed project path to: C:/Users/samba/GitFile/GitHubPATW/Pino around the World!
C:/Users/samba/GitFile/GitHubPATW/Pino around the World!
[UnityMemory] Configuration Parameters - Can be set up in boot.config
    "memorysetup-bucket-allocator-granularity=16"
    "memorysetup-bucket-allocator-bucket-count=8"
    "memorysetup-bucket-allocator-block-size=33554432"
    "memorysetup-bucket-allocator-block-count=8"
    "memorysetup-main-allocator-block-size=16777216"
    "memorysetup-thread-allocator-block-size=16777216"
    "memorysetup-gfx-main-allocator-block-size=16777216"
    "memorysetup-gfx-thread-allocator-block-size=16777216"
    "memorysetup-cache-allocator-block-size=4194304"
    "memorysetup-typetree-allocator-block-size=2097152"
    "memorysetup-profiler-bucket-allocator-granularity=16"
    "memorysetup-profiler-bucket-allocator-bucket-count=8"
    "memorysetup-profiler-bucket-allocator-block-size=33554432"
    "memorysetup-profiler-bucket-allocator-block-count=8"
    "memorysetup-profiler-allocator-block-size=16777216"
    "memorysetup-profiler-editor-allocator-block-size=1048576"
    "memorysetup-temp-allocator-size-main=16777216"
    "memorysetup-job-temp-allocator-block-size=2097152"
    "memorysetup-job-temp-allocator-block-size-background=1048576"
    "memorysetup-job-temp-allocator-reduction-small-platforms=262144"
    "memorysetup-temp-allocator-size-background-worker=32768"
    "memorysetup-temp-allocator-size-job-worker=262144"
    "memorysetup-temp-allocator-size-preload-manager=33554432"
    "memorysetup-temp-allocator-size-nav-mesh-worker=65536"
    "memorysetup-temp-allocator-size-audio-worker=65536"
    "memorysetup-temp-allocator-size-cloud-worker=32768"
    "memorysetup-temp-allocator-size-gi-baking-worker=262144"
    "memorysetup-temp-allocator-size-gfx=262144"
Player connection [28740] Host "[IP] 192.168.1.105 [Port] 0 [Flags] 2 [Guid] 3396918824 [EditorId] 3396918824 [Version] 1048832 [Id] WindowsEditor(7,MSI) [Debug] 1 [PackageName] WindowsEditor [ProjectName] Editor" joined multi-casting on [225.0.0.222:54997]...

Player connection [28740] Host "[IP] 192.168.1.105 [Port] 0 [Flags] 2 [Guid] 3396918824 [EditorId] 3396918824 [Version] 1048832 [Id] WindowsEditor(7,MSI) [Debug] 1 [PackageName] WindowsEditor [ProjectName] Editor" joined alternative multi-casting on [225.0.0.222:34997]...

Refreshing native plugins compatible for Editor in 84.36 ms, found 3 plugins.
Preloading 0 native plugins for Editor in 0.00 ms.
Initialize engine version: 2021.3.17f1 (3e8111cac19d)
[Subsystems] Discovering subsystems at path C:/Program Files/Unity/Hub/Editor/2021.3.17f1/Editor/Data/Resources/UnitySubsystems
[Subsystems] Discovering subsystems at path C:/Users/samba/GitFile/GitHubPATW/Pino around the World!/Assets
GfxDevice: creating device client; threaded=0; jobified=0
Direct3D:
    Version:  Direct3D 11.0 [level 11.1]
    Renderer: NVIDIA GeForce RTX 3060 Laptop GPU (ID=0x2520)
    Vendor:   NVIDIA
    VRAM:     6010 MB
    Driver:   31.0.15.4592
Initialize mono
Mono path[0] = 'C:/Program Files/Unity/Hub/Editor/2021.3.17f1/Editor/Data/Managed'
Mono path[1] = 'C:/Program Files/Unity/Hub/Editor/2021.3.17f1/Editor/Data/MonoBleedingEdge/lib/mono/unityjit-win32'
Mono config path = 'C:/Program Files/Unity/Hub/Editor/2021.3.17f1/Editor/Data/MonoBleedingEdge/etc'
Using monoOptions --debugger-agent=transport=dt_socket,embedding=1,server=y,suspend=n,address=127.0.0.1:56200
Begin MonoManager ReloadAssembly
Registering precompiled unity dll's ...
Register platform support module: C:/Program Files/Unity/Hub/Editor/2021.3.17f1/Editor/Data/PlaybackEngines/MacStandaloneSupport/UnityEditor.OSXStandalone.Extensions.dll
Register platform support module: C:/Program Files/Unity/Hub/Editor/2021.3.17f1/Editor/Data/PlaybackEngines/AndroidPlayer/UnityEditor.Android.Extensions.dll
Register platform support module: C:/Program Files/Unity/Hub/Editor/2021.3.17f1/Editor/Data/PlaybackEngines/WindowsStandaloneSupport/UnityEditor.WindowsStandalone.Extensions.dll
Register platform support module: C:/Program Files/Unity/Hub/Editor/2021.3.17f1/Editor/Data/PlaybackEngines/LinuxStandaloneSupport/UnityEditor.LinuxStandalone.Extensions.dll
Register platform support module: C:/Program Files/Unity/Hub/Editor/2021.3.17f1/Editor/Data/PlaybackEngines/MetroSupport/UnityEditor.UWP.Extensions.dll
Registered in 0.008466 seconds.
Native extension for UWP target not found
Native extension for LinuxStandalone target not found
Native extension for WindowsStandalone target not found
Native extension for Android target not found
Android Extension - Scanning For ADB Devices 266 ms
Native extension for OSXStandalone target not found
Refreshing native plugins compatible for Editor in 90.24 ms, found 3 plugins.
Preloading 0 native plugins for Editor in 0.00 ms.
Mono: successfully reloaded assembly
- Completed reload, in  0.802 seconds
Domain Reload Profiling:
	ReloadAssembly (802ms)
		BeginReloadAssembly (47ms)
			ExecutionOrderSort (0ms)
			DisableScriptedObjects (0ms)
			BackupInstance (0ms)
			ReleaseScriptingObjects (0ms)
			CreateAndSetChildDomain (1ms)
		EndReloadAssembly (670ms)
			LoadAssemblies (47ms)
			RebuildTransferFunctionScriptingTraits (0ms)
			SetupTypeCache (84ms)
			ReleaseScriptCaches (0ms)
			RebuildScriptCaches (21ms)
			SetupLoadedEditorAssemblies (524ms)
				LogAssemblyErrors (0ms)
				InitializePlatformSupportModulesInManaged (334ms)
				SetLoadedEditorAssemblies (0ms)
				RefreshPlugins (90ms)
				BeforeProcessingInitializeOnLoad (1ms)
				ProcessInitializeOnLoadAttributes (64ms)
				ProcessInitializeOnLoadMethodAttributes (33ms)
				AfterProcessingInitializeOnLoad (0ms)
				EditorAssembliesLoaded (0ms)
			ExecutionOrderSort2 (0ms)
			AwakeInstancesAfterBackupRestoration (0ms)
Platform modules already initialized, skipping
Registering precompiled user dll's ...
Registered in 0.005008 seconds.
Begin MonoManager ReloadAssembly
Symbol file LoadedFromMemory doesn't match image C:\Users\samba\GitFile\GitHubPATW\Pino around the World!\Library\PackageCache\com.unity.visualscripting@1.8.0\Editor\VisualScripting.Core\Dependencies\YamlDotNet\Unity.VisualScripting.YamlDotNet.dll
Symbol file LoadedFromMemory doesn't match image C:\Users\samba\GitFile\GitHubPATW\Pino around the World!\Library\PackageCache\com.unity.visualscripting@1.8.0\Editor\VisualScripting.Core\Dependencies\DotNetZip\Unity.VisualScripting.IonicZip.dll
Native extension for UWP target not found
Native extension for LinuxStandalone target not found
Native extension for WindowsStandalone target not found
Native extension for Android target not found
Native extension for OSXStandalone target not found
Refreshing native plugins compatible for Editor in 92.20 ms, found 3 plugins.
Preloading 0 native plugins for Editor in 0.00 ms.
Mono: successfully reloaded assembly
- Completed reload, in  0.977 seconds
Domain Reload Profiling:
	ReloadAssembly (978ms)
		BeginReloadAssembly (85ms)
			ExecutionOrderSort (0ms)
			DisableScriptedObjects (5ms)
			BackupInstance (0ms)
			ReleaseScriptingObjects (0ms)
			CreateAndSetChildDomain (17ms)
		EndReloadAssembly (803ms)
			LoadAssemblies (69ms)
			RebuildTransferFunctionScriptingTraits (0ms)
			SetupTypeCache (206ms)
			ReleaseScriptCaches (0ms)
			RebuildScriptCaches (44ms)
			SetupLoadedEditorAssemblies (433ms)
				LogAssemblyErrors (0ms)
				InitializePlatformSupportModulesInManaged (19ms)
				SetLoadedEditorAssemblies (0ms)
				RefreshPlugins (92ms)
				BeforeProcessingInitializeOnLoad (69ms)
				ProcessInitializeOnLoadAttributes (231ms)
				ProcessInitializeOnLoadMethodAttributes (15ms)
				AfterProcessingInitializeOnLoad (6ms)
				EditorAssembliesLoaded (0ms)
			ExecutionOrderSort2 (0ms)
			AwakeInstancesAfterBackupRestoration (5ms)
Platform modules already initialized, skipping
========================================================================
Worker process is ready to serve import requests
Launched and connected shader compiler UnityShaderCompiler.exe after 0.04 seconds
Refreshing native plugins compatible for Editor in 0.80 ms, found 3 plugins.
Preloading 0 native plugins for Editor in 0.00 ms.
Unloading 3955 Unused Serialized files (Serialized files now loaded: 0)
Unloading 42 unused Assets / (1.3 MB). Loaded Objects now: 4409.
Memory consumption went from 155.6 MB to 154.3 MB.
Total: 2.644600 ms (FindLiveObjects: 0.223300 ms CreateObjectMapping: 0.105900 ms MarkObjects: 2.081600 ms  DeleteObjects: 0.232900 ms)

AssetImportParameters requested are different than current active one (requested -> active):
  custom:video-decoder-ogg-theora: a1e56fd34408186e4bbccfd4996cb3dc -> 
  custom:container-muxer-webm: aa71ff27fc2769a1b78a27578f13a17b -> 
  custom:container-demuxer-webm: 4f35f7cbe854078d1ac9338744f61a02 -> 
  custom:video-encoder-webm-vp8: eb34c28f22e8b96e1ab97ce403110664 -> 
  custom:audio-encoder-webm-vorbis: bf7c407c2cedff20999df2af8eb42d56 -> 
  custom:framework-win-MediaFoundation: 216162199b28c13a410421893ffa2e32 -> 
  custom:container-demuxer-ogg: 62fdf1f143b41e24485cea50d1cbac27 -> 
  custom:video-decoder-webm-vp8: 9c59270c3fd7afecdb556c50c9e8de78 -> 
  custom:audio-decoder-ogg-vorbis: bf7c407c2cedff20999df2af8eb42d56 -> 
========================================================================
Received Import Request.
  Time since last request: 91694.413409 seconds.
  path: Assets/AssetPremium/JMO Assets/Cartoon FX Remaster/CFXR Prefabs/Misc/CFXR Gas Leak.prefab
  artifactKey: Guid(a0a1803193f53814fb46f639dc12d8c2) Importer(815301076,1909f56bfc062723c751e8b465ee728b)
Start importing Assets/AssetPremium/JMO Assets/Cartoon FX Remaster/CFXR Prefabs/Misc/CFXR Gas Leak.prefab using Guid(a0a1803193f53814fb46f639dc12d8c2) Importer(815301076,1909f56bfc062723c751e8b465ee728b)  -> (artifact id: 'a31ed8e9cd048a722617d4d7db94ce1b') in 0.212100 seconds 
========================================================================
Received Import Request.
  Time since last request: 55.688472 seconds.
  path: Assets/AssetPremium/JMO Assets/Cartoon FX Remaster/CFXR Prefabs/Misc/Variants/CFXR Lines Poof + Text.prefab
  artifactKey: Guid(4d44386539479c6429c66acd1aaeb230) Importer(815301076,1909f56bfc062723c751e8b465ee728b)
Start importing Assets/AssetPremium/JMO Assets/Cartoon FX Remaster/CFXR Prefabs/Misc/Variants/CFXR Lines Poof + Text.prefab using Guid(4d44386539479c6429c66acd1aaeb230) Importer(815301076,1909f56bfc062723c751e8b465ee728b)  -> (artifact id: '44d95b3722a2c7853995b72b96ae336f') in 0.033272 seconds 
========================================================================
Received Import Request.
  Time since last request: 0.000036 seconds.
  path: Assets/AssetPremium/JMO Assets/Cartoon FX Remaster/CFXR Prefabs/Misc/Variants/CFXR Smoke Poof + Text.prefab
  artifactKey: Guid(d1cc7d09f243bec4b82ee1f02eaadb4d) Importer(815301076,1909f56bfc062723c751e8b465ee728b)
Start importing Assets/AssetPremium/JMO Assets/Cartoon FX Remaster/CFXR Prefabs/Misc/Variants/CFXR Smoke Poof + Text.prefab using Guid(d1cc7d09f243bec4b82ee1f02eaadb4d) Importer(815301076,1909f56bfc062723c751e8b465ee728b)  -> (artifact id: '278a0dca59e60637bbdd53b079d4c2db') in 0.027079 seconds 
========================================================================
Received Import Request.
  Time since last request: 36.412602 seconds.
  path: Assets/AssetPremium/JMO Assets/Cartoon FX Remaster/CFXR Prefabs/Fire/CFXR Fire Crisp.prefab
  artifactKey: Guid(c60357c46a159754eba03905357f7e16) Importer(815301076,1909f56bfc062723c751e8b465ee728b)
Start importing Assets/AssetPremium/JMO Assets/Cartoon FX Remaster/CFXR Prefabs/Fire/CFXR Fire Crisp.prefab using Guid(c60357c46a159754eba03905357f7e16) Importer(815301076,1909f56bfc062723c751e8b465ee728b)  -> (artifact id: 'be3bd71cffe7bc0f42f9d6b9eb786081') in 0.047185 seconds 
========================================================================
Received Import Request.
  Time since last request: 0.000023 seconds.
  path: Assets/AssetPremium/JMO Assets/Cartoon FX Remaster/CFXR Prefabs/Fire/CFXR Flame.prefab
  artifactKey: Guid(af304c622ca86a045a1280a5154d2bb1) Importer(815301076,1909f56bfc062723c751e8b465ee728b)
Start importing Assets/AssetPremium/JMO Assets/Cartoon FX Remaster/CFXR Prefabs/Fire/CFXR Flame.prefab using Guid(af304c622ca86a045a1280a5154d2bb1) Importer(815301076,1909f56bfc062723c751e8b465ee728b)  -> (artifact id: '8bfe425eb67c5c3ef2bc52623e510e71') in 0.122719 seconds 
========================================================================
Received Import Request.
  Time since last request: 16.491132 seconds.
  path: Assets/AssetPremium/JMO Assets/Cartoon FX Remaster/CFXR Prefabs/Fire/CFXR Fireball + Fire Trail.prefab
  artifactKey: Guid(93493751bafa07b4ebec5bc245d5d2b4) Importer(815301076,1909f56bfc062723c751e8b465ee728b)
Start importing Assets/AssetPremium/JMO Assets/Cartoon FX Remaster/CFXR Prefabs/Fire/CFXR Fireball + Fire Trail.prefab using Guid(93493751bafa07b4ebec5bc245d5d2b4) Importer(815301076,1909f56bfc062723c751e8b465ee728b)  -> (artifact id: '11034fd03f196e94fa0d6ec89c4aa7d9') in 0.070234 seconds 
========================================================================
Received Import Request.
  Time since last request: 1.904120 seconds.
  path: Assets/AssetPremium/JMO Assets/Cartoon FX Remaster/CFXR Prefabs/Fire/CFXR Fireball + Fire Trail.prefab
  artifactKey: Guid(93493751bafa07b4ebec5bc245d5d2b4) Importer(815301076,1909f56bfc062723c751e8b465ee728b)
Start importing Assets/AssetPremium/JMO Assets/Cartoon FX Remaster/CFXR Prefabs/Fire/CFXR Fireball + Fire Trail.prefab using Guid(93493751bafa07b4ebec5bc245d5d2b4) Importer(815301076,1909f56bfc062723c751e8b465ee728b)  -> (artifact id: '4190e2ceb9872d62eaf2ae0ce4e71c6b') in 0.014082 seconds 
========================================================================
Received Import Request.
  Time since last request: 4.236253 seconds.
  path: Assets/AssetPremium/JMO Assets/Cartoon FX Remaster/CFXR Prefabs/Fire/CFXR Fireball + Fire Trail.prefab
  artifactKey: Guid(93493751bafa07b4ebec5bc245d5d2b4) Importer(815301076,1909f56bfc062723c751e8b465ee728b)
Start importing Assets/AssetPremium/JMO Assets/Cartoon FX Remaster/CFXR Prefabs/Fire/CFXR Fireball + Fire Trail.prefab using Guid(93493751bafa07b4ebec5bc245d5d2b4) Importer(815301076,1909f56bfc062723c751e8b465ee728b)  -> (artifact id: '65f073a23fe763e6c563c3d0c43d5c0d') in 0.016062 seconds 
========================================================================
Received Import Request.
  Time since last request: 93.342456 seconds.
  path: Assets/AssetPremium/JMO Assets/Cartoon FX Remaster/CFXR Prefabs/Impacts/Variants/CFXR Slash (Cross, Blue).prefab
  artifactKey: Guid(434df53c94dcf9649a3b8fcd8896f152) Importer(815301076,1909f56bfc062723c751e8b465ee728b)
Start importing Assets/AssetPremium/JMO Assets/Cartoon FX Remaster/CFXR Prefabs/Impacts/Variants/CFXR Slash (Cross, Blue).prefab using Guid(434df53c94dcf9649a3b8fcd8896f152) Importer(815301076,1909f56bfc062723c751e8b465ee728b)  -> (artifact id: '3a90c923237f450732484369524f9290') in 0.023978 seconds 
========================================================================
Received Import Request.
  Time since last request: 0.000022 seconds.
  path: Assets/AssetPremium/JMO Assets/Cartoon FX Remaster/CFXR Prefabs/Impacts/Variants/CFXR Slash (Orange).prefab
  artifactKey: Guid(ea664eb6e5374444592347742b107aec) Importer(815301076,1909f56bfc062723c751e8b465ee728b)
Start importing Assets/AssetPremium/JMO Assets/Cartoon FX Remaster/CFXR Prefabs/Impacts/Variants/CFXR Slash (Orange).prefab using Guid(ea664eb6e5374444592347742b107aec) Importer(815301076,1909f56bfc062723c751e8b465ee728b)  -> (artifact id: '1cdf6fa1cda0b9116feabbfb67d274fc') in 0.015489 seconds 
Editor requested this worker to shutdown with reason: Scaling down because of idle timeout
AssetImportWorkerClient::OnTransportError - code=2 error=End of file
AssetImportWorker is now disconnected from the server
Process exiting
Exiting without the bug reporter. Application will terminate with return code 0