Using pre-set license
Built from '2021.3/release' branch; Version is '2021.3.17f1 (3e8111cac19d) revision 4096273'; Using compiler version '192829333'; Build Type 'Release'
OS: 'Windows 11  (10.0.22621) 64bit Core' Language: 'it' Physical Memory: 16088 MB
BatchMode: 1, IsHumanControllingUs: 0, StartBugReporterOnCrash: 0, Is64bit: 1, IsPro: 1

COMMAND LINE ARGUMENTS:
C:\Program Files\Unity\Hub\Editor\2021.3.17f1\Editor\Unity.exe
-adb2
-batchMode
-noUpm
-name
AssetImportWorker21
-projectPath
C:/Users/samba/GitFile/GitHubPATW/Pino around the World!
-logFile
Logs/AssetImportWorker21.log
-srvPort
59504
Successfully changed project path to: C:/Users/samba/GitFile/GitHubPATW/Pino around the World!
C:/Users/samba/GitFile/GitHubPATW/Pino around the World!
[UnityMemory] Configuration Parameters - Can be set up in boot.config
    "memorysetup-bucket-allocator-granularity=16"
    "memorysetup-bucket-allocator-bucket-count=8"
    "memorysetup-bucket-allocator-block-size=33554432"
    "memorysetup-bucket-allocator-block-count=8"
    "memorysetup-main-allocator-block-size=16777216"
    "memorysetup-thread-allocator-block-size=16777216"
    "memorysetup-gfx-main-allocator-block-size=16777216"
    "memorysetup-gfx-thread-allocator-block-size=16777216"
    "memorysetup-cache-allocator-block-size=4194304"
    "memorysetup-typetree-allocator-block-size=2097152"
    "memorysetup-profiler-bucket-allocator-granularity=16"
    "memorysetup-profiler-bucket-allocator-bucket-count=8"
    "memorysetup-profiler-bucket-allocator-block-size=33554432"
    "memorysetup-profiler-bucket-allocator-block-count=8"
    "memorysetup-profiler-allocator-block-size=16777216"
    "memorysetup-profiler-editor-allocator-block-size=1048576"
    "memorysetup-temp-allocator-size-main=16777216"
    "memorysetup-job-temp-allocator-block-size=2097152"
    "memorysetup-job-temp-allocator-block-size-background=1048576"
    "memorysetup-job-temp-allocator-reduction-small-platforms=262144"
    "memorysetup-temp-allocator-size-background-worker=32768"
    "memorysetup-temp-allocator-size-job-worker=262144"
    "memorysetup-temp-allocator-size-preload-manager=33554432"
    "memorysetup-temp-allocator-size-nav-mesh-worker=65536"
    "memorysetup-temp-allocator-size-audio-worker=65536"
    "memorysetup-temp-allocator-size-cloud-worker=32768"
    "memorysetup-temp-allocator-size-gi-baking-worker=262144"
    "memorysetup-temp-allocator-size-gfx=262144"
Player connection [25308] Host "[IP] 192.168.1.105 [Port] 0 [Flags] 2 [Guid] 2449675988 [EditorId] 2449675988 [Version] 1048832 [Id] WindowsEditor(7,MSI) [Debug] 1 [PackageName] WindowsEditor [ProjectName] Editor" joined multi-casting on [225.0.0.222:54997]...

Player connection [25308] Host "[IP] 192.168.1.105 [Port] 0 [Flags] 2 [Guid] 2449675988 [EditorId] 2449675988 [Version] 1048832 [Id] WindowsEditor(7,MSI) [Debug] 1 [PackageName] WindowsEditor [ProjectName] Editor" joined alternative multi-casting on [225.0.0.222:34997]...

Refreshing native plugins compatible for Editor in 117.04 ms, found 3 plugins.
Preloading 0 native plugins for Editor in 0.00 ms.
Initialize engine version: 2021.3.17f1 (3e8111cac19d)
[Subsystems] Discovering subsystems at path C:/Program Files/Unity/Hub/Editor/2021.3.17f1/Editor/Data/Resources/UnitySubsystems
[Subsystems] Discovering subsystems at path C:/Users/samba/GitFile/GitHubPATW/Pino around the World!/Assets
GfxDevice: creating device client; threaded=0; jobified=0
Direct3D:
    Version:  Direct3D 11.0 [level 11.1]
    Renderer: NVIDIA GeForce RTX 3060 Laptop GPU (ID=0x2520)
    Vendor:   NVIDIA
    VRAM:     6010 MB
    Driver:   31.0.15.4592
Initialize mono
Mono path[0] = 'C:/Program Files/Unity/Hub/Editor/2021.3.17f1/Editor/Data/Managed'
Mono path[1] = 'C:/Program Files/Unity/Hub/Editor/2021.3.17f1/Editor/Data/MonoBleedingEdge/lib/mono/unityjit-win32'
Mono config path = 'C:/Program Files/Unity/Hub/Editor/2021.3.17f1/Editor/Data/MonoBleedingEdge/etc'
Using monoOptions --debugger-agent=transport=dt_socket,embedding=1,server=y,suspend=n,address=127.0.0.1:56192
Begin MonoManager ReloadAssembly
Registering precompiled unity dll's ...
Register platform support module: C:/Program Files/Unity/Hub/Editor/2021.3.17f1/Editor/Data/PlaybackEngines/MacStandaloneSupport/UnityEditor.OSXStandalone.Extensions.dll
Register platform support module: C:/Program Files/Unity/Hub/Editor/2021.3.17f1/Editor/Data/PlaybackEngines/AndroidPlayer/UnityEditor.Android.Extensions.dll
Register platform support module: C:/Program Files/Unity/Hub/Editor/2021.3.17f1/Editor/Data/PlaybackEngines/WindowsStandaloneSupport/UnityEditor.WindowsStandalone.Extensions.dll
Register platform support module: C:/Program Files/Unity/Hub/Editor/2021.3.17f1/Editor/Data/PlaybackEngines/LinuxStandaloneSupport/UnityEditor.LinuxStandalone.Extensions.dll
Register platform support module: C:/Program Files/Unity/Hub/Editor/2021.3.17f1/Editor/Data/PlaybackEngines/MetroSupport/UnityEditor.UWP.Extensions.dll
Registered in 0.006066 seconds.
Native extension for UWP target not found
Native extension for LinuxStandalone target not found
Native extension for WindowsStandalone target not found
Native extension for Android target not found
Android Extension - Scanning For ADB Devices 290 ms
Native extension for OSXStandalone target not found
Refreshing native plugins compatible for Editor in 85.11 ms, found 3 plugins.
Preloading 0 native plugins for Editor in 0.00 ms.
Mono: successfully reloaded assembly
- Completed reload, in  0.787 seconds
Domain Reload Profiling:
	ReloadAssembly (787ms)
		BeginReloadAssembly (53ms)
			ExecutionOrderSort (0ms)
			DisableScriptedObjects (0ms)
			BackupInstance (0ms)
			ReleaseScriptingObjects (0ms)
			CreateAndSetChildDomain (1ms)
		EndReloadAssembly (657ms)
			LoadAssemblies (52ms)
			RebuildTransferFunctionScriptingTraits (0ms)
			SetupTypeCache (71ms)
			ReleaseScriptCaches (0ms)
			RebuildScriptCaches (18ms)
			SetupLoadedEditorAssemblies (531ms)
				LogAssemblyErrors (0ms)
				InitializePlatformSupportModulesInManaged (354ms)
				SetLoadedEditorAssemblies (0ms)
				RefreshPlugins (85ms)
				BeforeProcessingInitializeOnLoad (1ms)
				ProcessInitializeOnLoadAttributes (60ms)
				ProcessInitializeOnLoadMethodAttributes (30ms)
				AfterProcessingInitializeOnLoad (0ms)
				EditorAssembliesLoaded (0ms)
			ExecutionOrderSort2 (0ms)
			AwakeInstancesAfterBackupRestoration (0ms)
Platform modules already initialized, skipping
Registering precompiled user dll's ...
Registered in 0.005116 seconds.
Begin MonoManager ReloadAssembly
Symbol file LoadedFromMemory doesn't match image C:\Users\samba\GitFile\GitHubPATW\Pino around the World!\Library\PackageCache\com.unity.visualscripting@1.8.0\Editor\VisualScripting.Core\Dependencies\YamlDotNet\Unity.VisualScripting.YamlDotNet.dll
Symbol file LoadedFromMemory doesn't match image C:\Users\samba\GitFile\GitHubPATW\Pino around the World!\Library\PackageCache\com.unity.visualscripting@1.8.0\Editor\VisualScripting.Core\Dependencies\DotNetZip\Unity.VisualScripting.IonicZip.dll
Native extension for UWP target not found
Native extension for LinuxStandalone target not found
Native extension for WindowsStandalone target not found
Native extension for Android target not found
Native extension for OSXStandalone target not found
Refreshing native plugins compatible for Editor in 80.75 ms, found 3 plugins.
Preloading 0 native plugins for Editor in 0.00 ms.
Mono: successfully reloaded assembly
- Completed reload, in  0.891 seconds
Domain Reload Profiling:
	ReloadAssembly (891ms)
		BeginReloadAssembly (76ms)
			ExecutionOrderSort (0ms)
			DisableScriptedObjects (4ms)
			BackupInstance (0ms)
			ReleaseScriptingObjects (0ms)
			CreateAndSetChildDomain (15ms)
		EndReloadAssembly (732ms)
			LoadAssemblies (65ms)
			RebuildTransferFunctionScriptingTraits (0ms)
			SetupTypeCache (196ms)
			ReleaseScriptCaches (0ms)
			RebuildScriptCaches (36ms)
			SetupLoadedEditorAssemblies (389ms)
				LogAssemblyErrors (0ms)
				InitializePlatformSupportModulesInManaged (17ms)
				SetLoadedEditorAssemblies (0ms)
				RefreshPlugins (81ms)
				BeforeProcessingInitializeOnLoad (65ms)
				ProcessInitializeOnLoadAttributes (205ms)
				ProcessInitializeOnLoadMethodAttributes (14ms)
				AfterProcessingInitializeOnLoad (6ms)
				EditorAssembliesLoaded (0ms)
			ExecutionOrderSort2 (0ms)
			AwakeInstancesAfterBackupRestoration (5ms)
Platform modules already initialized, skipping
========================================================================
Worker process is ready to serve import requests
Launched and connected shader compiler UnityShaderCompiler.exe after 0.04 seconds
Refreshing native plugins compatible for Editor in 1.41 ms, found 3 plugins.
Preloading 0 native plugins for Editor in 0.00 ms.
Unloading 3963 Unused Serialized files (Serialized files now loaded: 0)
Unloading 42 unused Assets / (1.3 MB). Loaded Objects now: 4417.
Memory consumption went from 155.8 MB to 154.5 MB.
Total: 5.378200 ms (FindLiveObjects: 0.327300 ms CreateObjectMapping: 0.247100 ms MarkObjects: 4.339400 ms  DeleteObjects: 0.462800 ms)

AssetImportParameters requested are different than current active one (requested -> active):
  custom:video-decoder-ogg-theora: a1e56fd34408186e4bbccfd4996cb3dc -> 
  custom:container-muxer-webm: aa71ff27fc2769a1b78a27578f13a17b -> 
  custom:container-demuxer-webm: 4f35f7cbe854078d1ac9338744f61a02 -> 
  custom:video-encoder-webm-vp8: eb34c28f22e8b96e1ab97ce403110664 -> 
  custom:audio-encoder-webm-vorbis: bf7c407c2cedff20999df2af8eb42d56 -> 
  custom:framework-win-MediaFoundation: 216162199b28c13a410421893ffa2e32 -> 
  custom:container-demuxer-ogg: 62fdf1f143b41e24485cea50d1cbac27 -> 
  custom:video-decoder-webm-vp8: 9c59270c3fd7afecdb556c50c9e8de78 -> 
  custom:audio-decoder-ogg-vorbis: bf7c407c2cedff20999df2af8eb42d56 -> 
========================================================================
Received Import Request.
  Time since last request: 4044.610781 seconds.
  path: Assets/AssetPremium/Toon Fantasy Nature/Prefabs/Rocks/TFF_Rock_Large_03A.prefab
  artifactKey: Guid(072fc000066065241bbe53d0fce35fbb) Importer(815301076,1909f56bfc062723c751e8b465ee728b)
Start importing Assets/AssetPremium/Toon Fantasy Nature/Prefabs/Rocks/TFF_Rock_Large_03A.prefab using Guid(072fc000066065241bbe53d0fce35fbb) Importer(815301076,1909f56bfc062723c751e8b465ee728b)  -> (artifact id: '62a495cb08c78989e52f33a66844ca5e') in 0.106751 seconds 
========================================================================
Received Import Request.
  Time since last request: 0.000037 seconds.
  path: Assets/AssetPremium/Toon Fantasy Nature/Prefabs/Rocks/TFF_Rock_Small_02A.prefab
  artifactKey: Guid(c27ead8d057c46847adb147c2e1ff641) Importer(815301076,1909f56bfc062723c751e8b465ee728b)
Start importing Assets/AssetPremium/Toon Fantasy Nature/Prefabs/Rocks/TFF_Rock_Small_02A.prefab using Guid(c27ead8d057c46847adb147c2e1ff641) Importer(815301076,1909f56bfc062723c751e8b465ee728b)  -> (artifact id: 'ef4fc528dd15ecd49a4eed4661e9e604') in 0.030716 seconds 
========================================================================
Received Import Request.
  Time since last request: 2.696021 seconds.
  path: Assets/AssetPremium/Toon Fantasy Nature/Prefabs/Rocks/TFF_Rock_Large_03A.prefab
  artifactKey: Guid(072fc000066065241bbe53d0fce35fbb) Importer(815301076,1909f56bfc062723c751e8b465ee728b)
Start importing Assets/AssetPremium/Toon Fantasy Nature/Prefabs/Rocks/TFF_Rock_Large_03A.prefab using Guid(072fc000066065241bbe53d0fce35fbb) Importer(815301076,1909f56bfc062723c751e8b465ee728b)  -> (artifact id: 'e2266bf740b61e7d53704a5fb9bb1fdb') in 0.018632 seconds 
========================================================================
Received Import Request.
  Time since last request: 0.000018 seconds.
  path: Assets/AssetPremium/Toon Fantasy Nature/Prefabs/Rocks/TFF_Rock_Small_04A.prefab
  artifactKey: Guid(4ba060a5d7981e541ba81f2dd0e96bbb) Importer(815301076,1909f56bfc062723c751e8b465ee728b)
Start importing Assets/AssetPremium/Toon Fantasy Nature/Prefabs/Rocks/TFF_Rock_Small_04A.prefab using Guid(4ba060a5d7981e541ba81f2dd0e96bbb) Importer(815301076,1909f56bfc062723c751e8b465ee728b)  -> (artifact id: '4b1ed51243637bef822fd0f9094953da') in 0.026765 seconds 
========================================================================
Received Import Request.
  Time since last request: 0.000017 seconds.
  path: Assets/AssetPremium/Toon Fantasy Nature/Prefabs/Rocks/TFF_Rock_Medium_03A.prefab
  artifactKey: Guid(c8b1da0fbab714f47847c30e2149442d) Importer(815301076,1909f56bfc062723c751e8b465ee728b)
Start importing Assets/AssetPremium/Toon Fantasy Nature/Prefabs/Rocks/TFF_Rock_Medium_03A.prefab using Guid(c8b1da0fbab714f47847c30e2149442d) Importer(815301076,1909f56bfc062723c751e8b465ee728b)  -> (artifact id: 'b137790b2b9d02f363744094ea44a175') in 0.023266 seconds 
========================================================================
Received Import Request.
  Time since last request: 0.000024 seconds.
  path: Assets/AssetPremium/Toon Fantasy Nature/Prefabs/Rocks/TFF_Stone_Slab_02A.prefab
  artifactKey: Guid(37e175973f8fe5f4aabfc8d0ec06c835) Importer(815301076,1909f56bfc062723c751e8b465ee728b)
Start importing Assets/AssetPremium/Toon Fantasy Nature/Prefabs/Rocks/TFF_Stone_Slab_02A.prefab using Guid(37e175973f8fe5f4aabfc8d0ec06c835) Importer(815301076,1909f56bfc062723c751e8b465ee728b)  -> (artifact id: 'f486e2ceea507bb1e3847e3c66b6c63e') in 0.010184 seconds 
========================================================================
Received Import Request.
  Time since last request: 13.574633 seconds.
  path: Assets/AssetPremium/Toon Fantasy Nature/Prefabs/Rocks/TFF_Rock_Large_03A.prefab
  artifactKey: Guid(072fc000066065241bbe53d0fce35fbb) Importer(815301076,1909f56bfc062723c751e8b465ee728b)
Start importing Assets/AssetPremium/Toon Fantasy Nature/Prefabs/Rocks/TFF_Rock_Large_03A.prefab using Guid(072fc000066065241bbe53d0fce35fbb) Importer(815301076,1909f56bfc062723c751e8b465ee728b)  -> (artifact id: '17a35ab0e0af8a0865664988db595c24') in 0.025228 seconds 
========================================================================
Received Import Request.
  Time since last request: 0.000019 seconds.
  path: Assets/AssetPremium/Toon Fantasy Nature/Prefabs/Rocks/TFF_Rock_Small_04A.prefab
  artifactKey: Guid(4ba060a5d7981e541ba81f2dd0e96bbb) Importer(815301076,1909f56bfc062723c751e8b465ee728b)
Start importing Assets/AssetPremium/Toon Fantasy Nature/Prefabs/Rocks/TFF_Rock_Small_04A.prefab using Guid(4ba060a5d7981e541ba81f2dd0e96bbb) Importer(815301076,1909f56bfc062723c751e8b465ee728b)  -> (artifact id: '90c676cfdb53ac8851ff2347db51cfab') in 0.023358 seconds 
========================================================================
Received Import Request.
  Time since last request: 0.000023 seconds.
  path: Assets/AssetPremium/Toon Fantasy Nature/Prefabs/Rocks/TFF_Rock_Small_03A.prefab
  artifactKey: Guid(8d791b47a0bfcbe4f9a45c9867fbca4d) Importer(815301076,1909f56bfc062723c751e8b465ee728b)
Start importing Assets/AssetPremium/Toon Fantasy Nature/Prefabs/Rocks/TFF_Rock_Small_03A.prefab using Guid(8d791b47a0bfcbe4f9a45c9867fbca4d) Importer(815301076,1909f56bfc062723c751e8b465ee728b)  -> (artifact id: 'b33d1d9cd133ea3440ed7cc521474b3d') in 0.012857 seconds 
========================================================================
Received Import Request.
  Time since last request: 0.000028 seconds.
  path: Assets/AssetPremium/Toon Fantasy Nature/Prefabs/Rocks/TFF_Rock_Medium_01A.prefab
  artifactKey: Guid(27cf8fcce199b284291e36c407c78ca1) Importer(815301076,1909f56bfc062723c751e8b465ee728b)
Start importing Assets/AssetPremium/Toon Fantasy Nature/Prefabs/Rocks/TFF_Rock_Medium_01A.prefab using Guid(27cf8fcce199b284291e36c407c78ca1) Importer(815301076,1909f56bfc062723c751e8b465ee728b)  -> (artifact id: '680621c4dcb4f8d3efec4f3691c2c161') in 0.017469 seconds 
========================================================================
Received Import Request.
  Time since last request: 28.685599 seconds.
  path: Assets/AssetPremium/Toon Fantasy Nature/Prefabs/Rocks/TFF_Rock_Large_03A.prefab
  artifactKey: Guid(072fc000066065241bbe53d0fce35fbb) Importer(815301076,1909f56bfc062723c751e8b465ee728b)
Start importing Assets/AssetPremium/Toon Fantasy Nature/Prefabs/Rocks/TFF_Rock_Large_03A.prefab using Guid(072fc000066065241bbe53d0fce35fbb) Importer(815301076,1909f56bfc062723c751e8b465ee728b)  -> (artifact id: '4b173e753799a753254db4dc79f71d0a') in 0.017013 seconds 
========================================================================
Received Import Request.
  Time since last request: 0.000024 seconds.
  path: Assets/AssetPremium/Toon Fantasy Nature/Prefabs/Rocks/TFF_Rock_Small_04A.prefab
  artifactKey: Guid(4ba060a5d7981e541ba81f2dd0e96bbb) Importer(815301076,1909f56bfc062723c751e8b465ee728b)
Start importing Assets/AssetPremium/Toon Fantasy Nature/Prefabs/Rocks/TFF_Rock_Small_04A.prefab using Guid(4ba060a5d7981e541ba81f2dd0e96bbb) Importer(815301076,1909f56bfc062723c751e8b465ee728b)  -> (artifact id: '31dfd12871a10831f9712e834223b14f') in 0.030156 seconds 
========================================================================
Received Import Request.
  Time since last request: 0.000031 seconds.
  path: Assets/AssetPremium/Toon Fantasy Nature/Prefabs/Rocks/TFF_Rock_Medium_03A.prefab
  artifactKey: Guid(c8b1da0fbab714f47847c30e2149442d) Importer(815301076,1909f56bfc062723c751e8b465ee728b)
Start importing Assets/AssetPremium/Toon Fantasy Nature/Prefabs/Rocks/TFF_Rock_Medium_03A.prefab using Guid(c8b1da0fbab714f47847c30e2149442d) Importer(815301076,1909f56bfc062723c751e8b465ee728b)  -> (artifact id: '43737aaa3bac9c324afae9646d3343c7') in 0.013395 seconds 
========================================================================
Received Import Request.
  Time since last request: 0.000030 seconds.
  path: Assets/AssetPremium/Toon Fantasy Nature/Prefabs/Rocks/TFF_Stone_Slab_01A.prefab
  artifactKey: Guid(7a1ba496be1afb54e929ae8dafda3ab6) Importer(815301076,1909f56bfc062723c751e8b465ee728b)
Start importing Assets/AssetPremium/Toon Fantasy Nature/Prefabs/Rocks/TFF_Stone_Slab_01A.prefab using Guid(7a1ba496be1afb54e929ae8dafda3ab6) Importer(815301076,1909f56bfc062723c751e8b465ee728b)  -> (artifact id: '6c10337e31c5dac7324d8c6df9c3d9aa') in 0.017984 seconds 
========================================================================
Received Import Request.
  Time since last request: 51.041841 seconds.
  path: Assets/AssetPremium/Toon Fantasy Nature/Prefabs/Rocks/TFF_Rock_Large_03A.prefab
  artifactKey: Guid(072fc000066065241bbe53d0fce35fbb) Importer(815301076,1909f56bfc062723c751e8b465ee728b)
Start importing Assets/AssetPremium/Toon Fantasy Nature/Prefabs/Rocks/TFF_Rock_Large_03A.prefab using Guid(072fc000066065241bbe53d0fce35fbb) Importer(815301076,1909f56bfc062723c751e8b465ee728b)  -> (artifact id: 'f6b487cdb175d43a96989e37ca2eb70e') in 0.022870 seconds 
========================================================================
Received Import Request.
  Time since last request: 0.000018 seconds.
  path: Assets/AssetPremium/Toon Fantasy Nature/Prefabs/Rocks/TFF_Rock_Medium_02A.prefab
  artifactKey: Guid(c50c2430bda2db5498adb34b279a4c01) Importer(815301076,1909f56bfc062723c751e8b465ee728b)
Start importing Assets/AssetPremium/Toon Fantasy Nature/Prefabs/Rocks/TFF_Rock_Medium_02A.prefab using Guid(c50c2430bda2db5498adb34b279a4c01) Importer(815301076,1909f56bfc062723c751e8b465ee728b)  -> (artifact id: 'bfc50849e3bd8e3b4f4ee71f714c755c') in 0.022456 seconds 
========================================================================
Received Import Request.
  Time since last request: 0.000017 seconds.
  path: Assets/AssetPremium/Toon Fantasy Nature/Prefabs/Rocks/TFF_Rock_Small_05A.prefab
  artifactKey: Guid(515124c2b678a624aab273df36fc040a) Importer(815301076,1909f56bfc062723c751e8b465ee728b)
Start importing Assets/AssetPremium/Toon Fantasy Nature/Prefabs/Rocks/TFF_Rock_Small_05A.prefab using Guid(515124c2b678a624aab273df36fc040a) Importer(815301076,1909f56bfc062723c751e8b465ee728b)  -> (artifact id: 'c49231812a19bae19d058c8087f94dcf') in 0.028700 seconds 
========================================================================
Received Import Request.
  Time since last request: 0.000016 seconds.
  path: Assets/AssetPremium/Toon Fantasy Nature/Prefabs/Rocks/TFF_Stone_Slab_01A.prefab
  artifactKey: Guid(7a1ba496be1afb54e929ae8dafda3ab6) Importer(815301076,1909f56bfc062723c751e8b465ee728b)
Start importing Assets/AssetPremium/Toon Fantasy Nature/Prefabs/Rocks/TFF_Stone_Slab_01A.prefab using Guid(7a1ba496be1afb54e929ae8dafda3ab6) Importer(815301076,1909f56bfc062723c751e8b465ee728b)  -> (artifact id: 'f2f1931411eda3db7d41258fb72b05dc') in 0.024772 seconds 
========================================================================
Received Prepare
Registering precompiled user dll's ...
Registered in 0.003728 seconds.
Begin MonoManager ReloadAssembly
Symbol file LoadedFromMemory doesn't match image C:\Users\samba\GitFile\GitHubPATW\Pino around the World!\Library\PackageCache\com.unity.visualscripting@1.8.0\Editor\VisualScripting.Core\Dependencies\YamlDotNet\Unity.VisualScripting.YamlDotNet.dll
Symbol file LoadedFromMemory doesn't match image C:\Users\samba\GitFile\GitHubPATW\Pino around the World!\Library\PackageCache\com.unity.visualscripting@1.8.0\Editor\VisualScripting.Core\Dependencies\DotNetZip\Unity.VisualScripting.IonicZip.dll
Native extension for UWP target not found
Native extension for LinuxStandalone target not found
Native extension for WindowsStandalone target not found
Native extension for Android target not found
Native extension for OSXStandalone target not found
Refreshing native plugins compatible for Editor in 0.71 ms, found 3 plugins.
Preloading 0 native plugins for Editor in 0.00 ms.
Mono: successfully reloaded assembly
- Completed reload, in  0.758 seconds
Domain Reload Profiling:
	ReloadAssembly (758ms)
		BeginReloadAssembly (105ms)
			ExecutionOrderSort (0ms)
			DisableScriptedObjects (4ms)
			BackupInstance (0ms)
			ReleaseScriptingObjects (0ms)
			CreateAndSetChildDomain (29ms)
		EndReloadAssembly (587ms)
			LoadAssemblies (60ms)
			RebuildTransferFunctionScriptingTraits (0ms)
			SetupTypeCache (183ms)
			ReleaseScriptCaches (1ms)
			RebuildScriptCaches (26ms)
			SetupLoadedEditorAssemblies (267ms)
				LogAssemblyErrors (0ms)
				InitializePlatformSupportModulesInManaged (22ms)
				SetLoadedEditorAssemblies (0ms)
				RefreshPlugins (1ms)
				BeforeProcessingInitializeOnLoad (45ms)
				ProcessInitializeOnLoadAttributes (176ms)
				ProcessInitializeOnLoadMethodAttributes (18ms)
				AfterProcessingInitializeOnLoad (5ms)
				EditorAssembliesLoaded (0ms)
			ExecutionOrderSort2 (0ms)
			AwakeInstancesAfterBackupRestoration (5ms)
Platform modules already initialized, skipping
Refreshing native plugins compatible for Editor in 2.58 ms, found 3 plugins.
Preloading 0 native plugins for Editor in 0.00 ms.
Unloading 3904 Unused Serialized files (Serialized files now loaded: 0)
Unloading 33 unused Assets / (1.3 MB). Loaded Objects now: 4428.
Memory consumption went from 154.0 MB to 152.7 MB.
Total: 3.230500 ms (FindLiveObjects: 0.239600 ms CreateObjectMapping: 0.191300 ms MarkObjects: 2.493900 ms  DeleteObjects: 0.304800 ms)

AssetImportParameters requested are different than current active one (requested -> active):
  custom:video-decoder-ogg-theora: a1e56fd34408186e4bbccfd4996cb3dc -> 
  custom:container-muxer-webm: aa71ff27fc2769a1b78a27578f13a17b -> 
  custom:container-demuxer-webm: 4f35f7cbe854078d1ac9338744f61a02 -> 
  custom:video-encoder-webm-vp8: eb34c28f22e8b96e1ab97ce403110664 -> 
  custom:audio-encoder-webm-vorbis: bf7c407c2cedff20999df2af8eb42d56 -> 
  custom:framework-win-MediaFoundation: 216162199b28c13a410421893ffa2e32 -> 
  custom:container-demuxer-ogg: 62fdf1f143b41e24485cea50d1cbac27 -> 
  custom:video-decoder-webm-vp8: 9c59270c3fd7afecdb556c50c9e8de78 -> 
  custom:audio-decoder-ogg-vorbis: bf7c407c2cedff20999df2af8eb42d56 -> 
