Using pre-set license
Built from '2021.3/release' branch; Version is '2021.3.17f1 (3e8111cac19d) revision 4096273'; Using compiler version '192829333'; Build Type 'Release'
OS: 'Windows 11  (10.0.22621) 64bit Core' Language: 'it' Physical Memory: 16088 MB
BatchMode: 1, IsHumanControllingUs: 0, StartBugReporterOnCrash: 0, Is64bit: 1, IsPro: 1

COMMAND LINE ARGUMENTS:
C:\Program Files\Unity\Hub\Editor\2021.3.17f1\Editor\Unity.exe
-adb2
-batchMode
-noUpm
-name
AssetImportWorker3
-projectPath
C:/Users/samba/GitFile/GitHubPATW/Pino around the World!
-logFile
Logs/AssetImportWorker3.log
-srvPort
49806
Successfully changed project path to: C:/Users/samba/GitFile/GitHubPATW/Pino around the World!
C:/Users/samba/GitFile/GitHubPATW/Pino around the World!
[UnityMemory] Configuration Parameters - Can be set up in boot.config
    "memorysetup-bucket-allocator-granularity=16"
    "memorysetup-bucket-allocator-bucket-count=8"
    "memorysetup-bucket-allocator-block-size=33554432"
    "memorysetup-bucket-allocator-block-count=8"
    "memorysetup-main-allocator-block-size=16777216"
    "memorysetup-thread-allocator-block-size=16777216"
    "memorysetup-gfx-main-allocator-block-size=16777216"
    "memorysetup-gfx-thread-allocator-block-size=16777216"
    "memorysetup-cache-allocator-block-size=4194304"
    "memorysetup-typetree-allocator-block-size=2097152"
    "memorysetup-profiler-bucket-allocator-granularity=16"
    "memorysetup-profiler-bucket-allocator-bucket-count=8"
    "memorysetup-profiler-bucket-allocator-block-size=33554432"
    "memorysetup-profiler-bucket-allocator-block-count=8"
    "memorysetup-profiler-allocator-block-size=16777216"
    "memorysetup-profiler-editor-allocator-block-size=1048576"
    "memorysetup-temp-allocator-size-main=16777216"
    "memorysetup-job-temp-allocator-block-size=2097152"
    "memorysetup-job-temp-allocator-block-size-background=1048576"
    "memorysetup-job-temp-allocator-reduction-small-platforms=262144"
    "memorysetup-temp-allocator-size-background-worker=32768"
    "memorysetup-temp-allocator-size-job-worker=262144"
    "memorysetup-temp-allocator-size-preload-manager=33554432"
    "memorysetup-temp-allocator-size-nav-mesh-worker=65536"
    "memorysetup-temp-allocator-size-audio-worker=65536"
    "memorysetup-temp-allocator-size-cloud-worker=32768"
    "memorysetup-temp-allocator-size-gi-baking-worker=262144"
    "memorysetup-temp-allocator-size-gfx=262144"
Player connection [9688] Host "[IP] 192.168.1.105 [Port] 0 [Flags] 2 [Guid] 1943750316 [EditorId] 1943750316 [Version] 1048832 [Id] WindowsEditor(7,MSI) [Debug] 1 [PackageName] WindowsEditor [ProjectName] Editor" joined multi-casting on [225.0.0.222:54997]...

Player connection [9688] Host "[IP] 192.168.1.105 [Port] 0 [Flags] 2 [Guid] 1943750316 [EditorId] 1943750316 [Version] 1048832 [Id] WindowsEditor(7,MSI) [Debug] 1 [PackageName] WindowsEditor [ProjectName] Editor" joined alternative multi-casting on [225.0.0.222:34997]...

Refreshing native plugins compatible for Editor in 100.81 ms, found 3 plugins.
Preloading 0 native plugins for Editor in 0.00 ms.
Initialize engine version: 2021.3.17f1 (3e8111cac19d)
[Subsystems] Discovering subsystems at path C:/Program Files/Unity/Hub/Editor/2021.3.17f1/Editor/Data/Resources/UnitySubsystems
[Subsystems] Discovering subsystems at path C:/Users/samba/GitFile/GitHubPATW/Pino around the World!/Assets
GfxDevice: creating device client; threaded=0; jobified=0
Direct3D:
    Version:  Direct3D 11.0 [level 11.1]
    Renderer: NVIDIA GeForce RTX 3060 Laptop GPU (ID=0x2520)
    Vendor:   NVIDIA
    VRAM:     6010 MB
    Driver:   31.0.15.4629
Initialize mono
Mono path[0] = 'C:/Program Files/Unity/Hub/Editor/2021.3.17f1/Editor/Data/Managed'
Mono path[1] = 'C:/Program Files/Unity/Hub/Editor/2021.3.17f1/Editor/Data/MonoBleedingEdge/lib/mono/unityjit-win32'
Mono config path = 'C:/Program Files/Unity/Hub/Editor/2021.3.17f1/Editor/Data/MonoBleedingEdge/etc'
Using monoOptions --debugger-agent=transport=dt_socket,embedding=1,server=y,suspend=n,address=127.0.0.1:56584
Begin MonoManager ReloadAssembly
Registering precompiled unity dll's ...
Register platform support module: C:/Program Files/Unity/Hub/Editor/2021.3.17f1/Editor/Data/PlaybackEngines/MacStandaloneSupport/UnityEditor.OSXStandalone.Extensions.dll
Register platform support module: C:/Program Files/Unity/Hub/Editor/2021.3.17f1/Editor/Data/PlaybackEngines/AndroidPlayer/UnityEditor.Android.Extensions.dll
Register platform support module: C:/Program Files/Unity/Hub/Editor/2021.3.17f1/Editor/Data/PlaybackEngines/WindowsStandaloneSupport/UnityEditor.WindowsStandalone.Extensions.dll
Register platform support module: C:/Program Files/Unity/Hub/Editor/2021.3.17f1/Editor/Data/PlaybackEngines/LinuxStandaloneSupport/UnityEditor.LinuxStandalone.Extensions.dll
Register platform support module: C:/Program Files/Unity/Hub/Editor/2021.3.17f1/Editor/Data/PlaybackEngines/MetroSupport/UnityEditor.UWP.Extensions.dll
Registered in 0.010419 seconds.
Native extension for UWP target not found
Native extension for LinuxStandalone target not found
Native extension for WindowsStandalone target not found
Native extension for Android target not found
Android Extension - Scanning For ADB Devices 284 ms
Native extension for OSXStandalone target not found
Refreshing native plugins compatible for Editor in 96.92 ms, found 3 plugins.
Preloading 0 native plugins for Editor in 0.00 ms.
Mono: successfully reloaded assembly
- Completed reload, in  0.837 seconds
Domain Reload Profiling:
	ReloadAssembly (838ms)
		BeginReloadAssembly (79ms)
			ExecutionOrderSort (0ms)
			DisableScriptedObjects (0ms)
			BackupInstance (0ms)
			ReleaseScriptingObjects (0ms)
			CreateAndSetChildDomain (1ms)
		EndReloadAssembly (679ms)
			LoadAssemblies (79ms)
			RebuildTransferFunctionScriptingTraits (0ms)
			SetupTypeCache (70ms)
			ReleaseScriptCaches (0ms)
			RebuildScriptCaches (18ms)
			SetupLoadedEditorAssemblies (555ms)
				LogAssemblyErrors (0ms)
				InitializePlatformSupportModulesInManaged (351ms)
				SetLoadedEditorAssemblies (0ms)
				RefreshPlugins (97ms)
				BeforeProcessingInitializeOnLoad (1ms)
				ProcessInitializeOnLoadAttributes (70ms)
				ProcessInitializeOnLoadMethodAttributes (35ms)
				AfterProcessingInitializeOnLoad (0ms)
				EditorAssembliesLoaded (0ms)
			ExecutionOrderSort2 (0ms)
			AwakeInstancesAfterBackupRestoration (0ms)
Platform modules already initialized, skipping
Registering precompiled user dll's ...
Registered in 0.014816 seconds.
Begin MonoManager ReloadAssembly
Symbol file LoadedFromMemory doesn't match image C:\Users\samba\GitFile\GitHubPATW\Pino around the World!\Library\PackageCache\com.unity.visualscripting@1.8.0\Editor\VisualScripting.Core\Dependencies\YamlDotNet\Unity.VisualScripting.YamlDotNet.dll
Symbol file LoadedFromMemory doesn't match image C:\Users\samba\GitFile\GitHubPATW\Pino around the World!\Library\PackageCache\com.unity.visualscripting@1.8.0\Editor\VisualScripting.Core\Dependencies\DotNetZip\Unity.VisualScripting.IonicZip.dll
Native extension for UWP target not found
Native extension for LinuxStandalone target not found
Native extension for WindowsStandalone target not found
Native extension for Android target not found
Native extension for OSXStandalone target not found
Refreshing native plugins compatible for Editor in 89.27 ms, found 3 plugins.
Preloading 0 native plugins for Editor in 0.00 ms.
Mono: successfully reloaded assembly
- Completed reload, in  1.101 seconds
Domain Reload Profiling:
	ReloadAssembly (1102ms)
		BeginReloadAssembly (82ms)
			ExecutionOrderSort (0ms)
			DisableScriptedObjects (4ms)
			BackupInstance (0ms)
			ReleaseScriptingObjects (0ms)
			CreateAndSetChildDomain (16ms)
		EndReloadAssembly (926ms)
			LoadAssemblies (107ms)
			RebuildTransferFunctionScriptingTraits (0ms)
			SetupTypeCache (216ms)
			ReleaseScriptCaches (0ms)
			RebuildScriptCaches (42ms)
			SetupLoadedEditorAssemblies (504ms)
				LogAssemblyErrors (0ms)
				InitializePlatformSupportModulesInManaged (18ms)
				SetLoadedEditorAssemblies (0ms)
				RefreshPlugins (89ms)
				BeforeProcessingInitializeOnLoad (69ms)
				ProcessInitializeOnLoadAttributes (302ms)
				ProcessInitializeOnLoadMethodAttributes (20ms)
				AfterProcessingInitializeOnLoad (6ms)
				EditorAssembliesLoaded (0ms)
			ExecutionOrderSort2 (0ms)
			AwakeInstancesAfterBackupRestoration (6ms)
Platform modules already initialized, skipping
========================================================================
Worker process is ready to serve import requests
Launched and connected shader compiler UnityShaderCompiler.exe after 0.05 seconds
Refreshing native plugins compatible for Editor in 1.03 ms, found 3 plugins.
Preloading 0 native plugins for Editor in 0.00 ms.
Unloading 3970 Unused Serialized files (Serialized files now loaded: 0)
Unloading 42 unused Assets / (1.3 MB). Loaded Objects now: 4427.
Memory consumption went from 172.3 MB to 170.9 MB.
Total: 2.879800 ms (FindLiveObjects: 0.241800 ms CreateObjectMapping: 0.172000 ms MarkObjects: 2.201400 ms  DeleteObjects: 0.263500 ms)

AssetImportParameters requested are different than current active one (requested -> active):
  custom:video-decoder-ogg-theora: a1e56fd34408186e4bbccfd4996cb3dc -> 
  custom:container-muxer-webm: aa71ff27fc2769a1b78a27578f13a17b -> 
  custom:container-demuxer-webm: 4f35f7cbe854078d1ac9338744f61a02 -> 
  custom:video-encoder-webm-vp8: eb34c28f22e8b96e1ab97ce403110664 -> 
  custom:audio-encoder-webm-vorbis: bf7c407c2cedff20999df2af8eb42d56 -> 
  custom:framework-win-MediaFoundation: 216162199b28c13a410421893ffa2e32 -> 
  custom:container-demuxer-ogg: 62fdf1f143b41e24485cea50d1cbac27 -> 
  custom:video-decoder-webm-vp8: 9c59270c3fd7afecdb556c50c9e8de78 -> 
  custom:audio-decoder-ogg-vorbis: bf7c407c2cedff20999df2af8eb42d56 -> 
========================================================================
Received Import Request.
  Time since last request: 72026.758672 seconds.
  path: Assets/AssetPremium/JMO Assets/Cartoon FX Remaster/CFXR Prefabs/Texts/Variants Font WashYourHand/CFXR _BOING_.prefab
  artifactKey: Guid(7335a4069664cec4ea6f2f77c0f198bd) Importer(815301076,1909f56bfc062723c751e8b465ee728b)
Start importing Assets/AssetPremium/JMO Assets/Cartoon FX Remaster/CFXR Prefabs/Texts/Variants Font WashYourHand/CFXR _BOING_.prefab using Guid(7335a4069664cec4ea6f2f77c0f198bd) Importer(815301076,1909f56bfc062723c751e8b465ee728b)  -> (artifact id: 'c02514d1487b022deb226858bc65a16b') in 0.133335 seconds 
========================================================================
Received Import Request.
  Time since last request: 0.000026 seconds.
  path: Assets/AssetPremium/JMO Assets/Cartoon FX Remaster/CFXR Prefabs/Texts/Variants Font WashYourHand/CFXR _SPLASH_ 2.prefab
  artifactKey: Guid(c2afd1989ef75b8459490351e4e8776c) Importer(815301076,1909f56bfc062723c751e8b465ee728b)
Start importing Assets/AssetPremium/JMO Assets/Cartoon FX Remaster/CFXR Prefabs/Texts/Variants Font WashYourHand/CFXR _SPLASH_ 2.prefab using Guid(c2afd1989ef75b8459490351e4e8776c) Importer(815301076,1909f56bfc062723c751e8b465ee728b)  -> (artifact id: '9bb0750f5b0ee7cdf1ba410529e8cae3') in 0.021300 seconds 
========================================================================
Received Import Request.
  Time since last request: 0.000028 seconds.
  path: Assets/AssetPremium/JMO Assets/Cartoon FX Remaster/CFXR Prefabs/Texts/Variants Font WashYourHand/CFXR _SMASH_.prefab
  artifactKey: Guid(d7c0abff082ba794b9bf814956efacd7) Importer(815301076,1909f56bfc062723c751e8b465ee728b)
Start importing Assets/AssetPremium/JMO Assets/Cartoon FX Remaster/CFXR Prefabs/Texts/Variants Font WashYourHand/CFXR _SMASH_.prefab using Guid(d7c0abff082ba794b9bf814956efacd7) Importer(815301076,1909f56bfc062723c751e8b465ee728b)  -> (artifact id: 'b83c9de672a6b07d65ee9cfc960ff4f8') in 0.020190 seconds 
========================================================================
Received Import Request.
  Time since last request: 0.000021 seconds.
  path: Assets/AssetPremium/JMO Assets/Cartoon FX Remaster/CFXR Prefabs/Texts/Variants Font WashYourHand/CFXR _ZAP_.prefab
  artifactKey: Guid(85e184e5d18941c4da7644a8809a6840) Importer(815301076,1909f56bfc062723c751e8b465ee728b)
Start importing Assets/AssetPremium/JMO Assets/Cartoon FX Remaster/CFXR Prefabs/Texts/Variants Font WashYourHand/CFXR _ZAP_.prefab using Guid(85e184e5d18941c4da7644a8809a6840) Importer(815301076,1909f56bfc062723c751e8b465ee728b)  -> (artifact id: '387ed20305fc13bdb6b30214beba3299') in 0.023270 seconds 
========================================================================
Received Import Request.
  Time since last request: 0.000021 seconds.
  path: Assets/AssetPremium/JMO Assets/Cartoon FX Remaster/CFXR Prefabs/Texts/Variants Font WashYourHand/CFXR _CLICK_ 2.prefab
  artifactKey: Guid(dc86269ada75fce4d815bfbd5d6c3c37) Importer(815301076,1909f56bfc062723c751e8b465ee728b)
Start importing Assets/AssetPremium/JMO Assets/Cartoon FX Remaster/CFXR Prefabs/Texts/Variants Font WashYourHand/CFXR _CLICK_ 2.prefab using Guid(dc86269ada75fce4d815bfbd5d6c3c37) Importer(815301076,1909f56bfc062723c751e8b465ee728b)  -> (artifact id: '39e5248e5a850d52a216ee2fdeb5b618') in 0.019646 seconds 
========================================================================
Received Import Request.
  Time since last request: 0.000018 seconds.
  path: Assets/AssetPremium/JMO Assets/Cartoon FX Remaster/CFXR Prefabs/Texts/Variants Font WashYourHand/CFXR _WHAM_.prefab
  artifactKey: Guid(970babb23bb4acc4b817b8e85749b4d6) Importer(815301076,1909f56bfc062723c751e8b465ee728b)
Start importing Assets/AssetPremium/JMO Assets/Cartoon FX Remaster/CFXR Prefabs/Texts/Variants Font WashYourHand/CFXR _WHAM_.prefab using Guid(970babb23bb4acc4b817b8e85749b4d6) Importer(815301076,1909f56bfc062723c751e8b465ee728b)  -> (artifact id: '3374250842bef39406f0d5da00790ef8') in 0.017776 seconds 
========================================================================
Received Import Request.
  Time since last request: 5.565376 seconds.
  path: Assets/AssetPremium/JMO Assets/Cartoon FX Remaster/CFXR Prefabs/Liquids/Variants/CFXR Water Ripples (Arcs, Loop).prefab
  artifactKey: Guid(6c1c835d205f0a94683ef90272d9721c) Importer(815301076,1909f56bfc062723c751e8b465ee728b)
Start importing Assets/AssetPremium/JMO Assets/Cartoon FX Remaster/CFXR Prefabs/Liquids/Variants/CFXR Water Ripples (Arcs, Loop).prefab using Guid(6c1c835d205f0a94683ef90272d9721c) Importer(815301076,1909f56bfc062723c751e8b465ee728b)  -> (artifact id: 'bac2b50901a2c1f40e21c8d99af72216') in 0.032561 seconds 
========================================================================
Received Import Request.
  Time since last request: 0.000023 seconds.
  path: Assets/AssetPremium/JMO Assets/Cartoon FX Remaster/CFXR Prefabs/Liquids/Variants/CFXR Water Splash (No foam).prefab
  artifactKey: Guid(81e46352dce49714bb2fa157effc3503) Importer(815301076,1909f56bfc062723c751e8b465ee728b)
Start importing Assets/AssetPremium/JMO Assets/Cartoon FX Remaster/CFXR Prefabs/Liquids/Variants/CFXR Water Splash (No foam).prefab using Guid(81e46352dce49714bb2fa157effc3503) Importer(815301076,1909f56bfc062723c751e8b465ee728b)  -> (artifact id: 'f1125f22583bfc67449a944f5acebf61') in 0.028314 seconds 
========================================================================
Received Import Request.
  Time since last request: 0.000046 seconds.
  path: Assets/AssetPremium/JMO Assets/Cartoon FX Remaster/CFXR Prefabs/Liquids/Variants/CFXR Water Splash (Smaller, No foam).prefab
  artifactKey: Guid(808f12851ffdafb4f82e0920b0cd73b9) Importer(815301076,1909f56bfc062723c751e8b465ee728b)
Start importing Assets/AssetPremium/JMO Assets/Cartoon FX Remaster/CFXR Prefabs/Liquids/Variants/CFXR Water Splash (Smaller, No foam).prefab using Guid(808f12851ffdafb4f82e0920b0cd73b9) Importer(815301076,1909f56bfc062723c751e8b465ee728b)  -> (artifact id: '347e584ebcfb4f8656bc94ae15b3065e') in 0.028394 seconds 
========================================================================
Received Import Request.
  Time since last request: 0.000025 seconds.
  path: Assets/AssetPremium/JMO Assets/Cartoon FX Remaster/CFXR Prefabs/Liquids/Variants/CFXR Water Splash (Small, No foam).prefab
  artifactKey: Guid(49f978e11a5dae6408a062f93f0e7082) Importer(815301076,1909f56bfc062723c751e8b465ee728b)
Start importing Assets/AssetPremium/JMO Assets/Cartoon FX Remaster/CFXR Prefabs/Liquids/Variants/CFXR Water Splash (Small, No foam).prefab using Guid(49f978e11a5dae6408a062f93f0e7082) Importer(815301076,1909f56bfc062723c751e8b465ee728b)  -> (artifact id: 'd98163ba0a39295487e1bc7d3c53c13e') in 0.033748 seconds 
Editor requested this worker to shutdown with reason: Scaling down because of idle timeout
AssetImportWorkerClient::OnTransportError - code=2 error=End of file
AssetImportWorker is now disconnected from the server
Process exiting
Exiting without the bug reporter. Application will terminate with return code 0