Using pre-set license
Built from '2021.3/release' branch; Version is '2021.3.17f1 (3e8111cac19d) revision 4096273'; Using compiler version '192829333'; Build Type 'Release'
OS: 'Windows 11  (10.0.22621) 64bit Core' Language: 'it' Physical Memory: 16088 MB
BatchMode: 1, IsHumanControllingUs: 0, StartBugReporterOnCrash: 0, Is64bit: 1, IsPro: 1

COMMAND LINE ARGUMENTS:
C:\Program Files\Unity\Hub\Editor\2021.3.17f1\Editor\Unity.exe
-adb2
-batchMode
-noUpm
-name
AssetImportWorker12
-projectPath
C:/Users/samba/GitFile/GitHubPATW/Pino around the World!
-logFile
Logs/AssetImportWorker12.log
-srvPort
53666
Successfully changed project path to: C:/Users/samba/GitFile/GitHubPATW/Pino around the World!
C:/Users/samba/GitFile/GitHubPATW/Pino around the World!
[UnityMemory] Configuration Parameters - Can be set up in boot.config
    "memorysetup-bucket-allocator-granularity=16"
    "memorysetup-bucket-allocator-bucket-count=8"
    "memorysetup-bucket-allocator-block-size=33554432"
    "memorysetup-bucket-allocator-block-count=8"
    "memorysetup-main-allocator-block-size=16777216"
    "memorysetup-thread-allocator-block-size=16777216"
    "memorysetup-gfx-main-allocator-block-size=16777216"
    "memorysetup-gfx-thread-allocator-block-size=16777216"
    "memorysetup-cache-allocator-block-size=4194304"
    "memorysetup-typetree-allocator-block-size=2097152"
    "memorysetup-profiler-bucket-allocator-granularity=16"
    "memorysetup-profiler-bucket-allocator-bucket-count=8"
    "memorysetup-profiler-bucket-allocator-block-size=33554432"
    "memorysetup-profiler-bucket-allocator-block-count=8"
    "memorysetup-profiler-allocator-block-size=16777216"
    "memorysetup-profiler-editor-allocator-block-size=1048576"
    "memorysetup-temp-allocator-size-main=16777216"
    "memorysetup-job-temp-allocator-block-size=2097152"
    "memorysetup-job-temp-allocator-block-size-background=1048576"
    "memorysetup-job-temp-allocator-reduction-small-platforms=262144"
    "memorysetup-temp-allocator-size-background-worker=32768"
    "memorysetup-temp-allocator-size-job-worker=262144"
    "memorysetup-temp-allocator-size-preload-manager=33554432"
    "memorysetup-temp-allocator-size-nav-mesh-worker=65536"
    "memorysetup-temp-allocator-size-audio-worker=65536"
    "memorysetup-temp-allocator-size-cloud-worker=32768"
    "memorysetup-temp-allocator-size-gi-baking-worker=262144"
    "memorysetup-temp-allocator-size-gfx=262144"
Player connection [8108] Host "[IP] 192.168.1.105 [Port] 0 [Flags] 2 [Guid] 2665792978 [EditorId] 2665792978 [Version] 1048832 [Id] WindowsEditor(7,MSI) [Debug] 1 [PackageName] WindowsEditor [ProjectName] Editor" joined multi-casting on [225.0.0.222:54997]...

Player connection [8108] Host "[IP] 192.168.1.105 [Port] 0 [Flags] 2 [Guid] 2665792978 [EditorId] 2665792978 [Version] 1048832 [Id] WindowsEditor(7,MSI) [Debug] 1 [PackageName] WindowsEditor [ProjectName] Editor" joined alternative multi-casting on [225.0.0.222:34997]...

Refreshing native plugins compatible for Editor in 91.05 ms, found 3 plugins.
Preloading 0 native plugins for Editor in 0.00 ms.
Initialize engine version: 2021.3.17f1 (3e8111cac19d)
[Subsystems] Discovering subsystems at path C:/Program Files/Unity/Hub/Editor/2021.3.17f1/Editor/Data/Resources/UnitySubsystems
[Subsystems] Discovering subsystems at path C:/Users/samba/GitFile/GitHubPATW/Pino around the World!/Assets
GfxDevice: creating device client; threaded=0; jobified=0
Direct3D:
    Version:  Direct3D 11.0 [level 11.1]
    Renderer: NVIDIA GeForce RTX 3060 Laptop GPU (ID=0x2520)
    Vendor:   NVIDIA
    VRAM:     6010 MB
    Driver:   31.0.15.4592
Initialize mono
Mono path[0] = 'C:/Program Files/Unity/Hub/Editor/2021.3.17f1/Editor/Data/Managed'
Mono path[1] = 'C:/Program Files/Unity/Hub/Editor/2021.3.17f1/Editor/Data/MonoBleedingEdge/lib/mono/unityjit-win32'
Mono config path = 'C:/Program Files/Unity/Hub/Editor/2021.3.17f1/Editor/Data/MonoBleedingEdge/etc'
Using monoOptions --debugger-agent=transport=dt_socket,embedding=1,server=y,suspend=n,address=127.0.0.1:56596
Begin MonoManager ReloadAssembly
Registering precompiled unity dll's ...
Register platform support module: C:/Program Files/Unity/Hub/Editor/2021.3.17f1/Editor/Data/PlaybackEngines/MacStandaloneSupport/UnityEditor.OSXStandalone.Extensions.dll
Register platform support module: C:/Program Files/Unity/Hub/Editor/2021.3.17f1/Editor/Data/PlaybackEngines/AndroidPlayer/UnityEditor.Android.Extensions.dll
Register platform support module: C:/Program Files/Unity/Hub/Editor/2021.3.17f1/Editor/Data/PlaybackEngines/WindowsStandaloneSupport/UnityEditor.WindowsStandalone.Extensions.dll
Register platform support module: C:/Program Files/Unity/Hub/Editor/2021.3.17f1/Editor/Data/PlaybackEngines/LinuxStandaloneSupport/UnityEditor.LinuxStandalone.Extensions.dll
Register platform support module: C:/Program Files/Unity/Hub/Editor/2021.3.17f1/Editor/Data/PlaybackEngines/MetroSupport/UnityEditor.UWP.Extensions.dll
Registered in 0.006592 seconds.
Native extension for UWP target not found
Native extension for LinuxStandalone target not found
Native extension for WindowsStandalone target not found
Native extension for Android target not found
Android Extension - Scanning For ADB Devices 233 ms
Native extension for OSXStandalone target not found
Refreshing native plugins compatible for Editor in 87.58 ms, found 3 plugins.
Preloading 0 native plugins for Editor in 0.00 ms.
Mono: successfully reloaded assembly
- Completed reload, in  0.749 seconds
Domain Reload Profiling:
	ReloadAssembly (749ms)
		BeginReloadAssembly (54ms)
			ExecutionOrderSort (0ms)
			DisableScriptedObjects (0ms)
			BackupInstance (0ms)
			ReleaseScriptingObjects (0ms)
			CreateAndSetChildDomain (0ms)
		EndReloadAssembly (611ms)
			LoadAssemblies (53ms)
			RebuildTransferFunctionScriptingTraits (0ms)
			SetupTypeCache (78ms)
			ReleaseScriptCaches (0ms)
			RebuildScriptCaches (19ms)
			SetupLoadedEditorAssemblies (476ms)
				LogAssemblyErrors (0ms)
				InitializePlatformSupportModulesInManaged (301ms)
				SetLoadedEditorAssemblies (0ms)
				RefreshPlugins (88ms)
				BeforeProcessingInitializeOnLoad (1ms)
				ProcessInitializeOnLoadAttributes (58ms)
				ProcessInitializeOnLoadMethodAttributes (28ms)
				AfterProcessingInitializeOnLoad (0ms)
				EditorAssembliesLoaded (0ms)
			ExecutionOrderSort2 (0ms)
			AwakeInstancesAfterBackupRestoration (0ms)
Platform modules already initialized, skipping
Registering precompiled user dll's ...
Registered in 0.004202 seconds.
Begin MonoManager ReloadAssembly
Symbol file LoadedFromMemory doesn't match image C:\Users\samba\GitFile\GitHubPATW\Pino around the World!\Library\PackageCache\com.unity.visualscripting@1.8.0\Editor\VisualScripting.Core\Dependencies\YamlDotNet\Unity.VisualScripting.YamlDotNet.dll
Symbol file LoadedFromMemory doesn't match image C:\Users\samba\GitFile\GitHubPATW\Pino around the World!\Library\PackageCache\com.unity.visualscripting@1.8.0\Editor\VisualScripting.Core\Dependencies\DotNetZip\Unity.VisualScripting.IonicZip.dll
Native extension for UWP target not found
Native extension for LinuxStandalone target not found
Native extension for WindowsStandalone target not found
Native extension for Android target not found
Native extension for OSXStandalone target not found
Refreshing native plugins compatible for Editor in 85.92 ms, found 3 plugins.
Preloading 0 native plugins for Editor in 0.00 ms.
Mono: successfully reloaded assembly
- Completed reload, in  0.926 seconds
Domain Reload Profiling:
	ReloadAssembly (927ms)
		BeginReloadAssembly (77ms)
			ExecutionOrderSort (0ms)
			DisableScriptedObjects (4ms)
			BackupInstance (0ms)
			ReleaseScriptingObjects (0ms)
			CreateAndSetChildDomain (15ms)
		EndReloadAssembly (765ms)
			LoadAssemblies (61ms)
			RebuildTransferFunctionScriptingTraits (0ms)
			SetupTypeCache (210ms)
			ReleaseScriptCaches (0ms)
			RebuildScriptCaches (38ms)
			SetupLoadedEditorAssemblies (408ms)
				LogAssemblyErrors (0ms)
				InitializePlatformSupportModulesInManaged (18ms)
				SetLoadedEditorAssemblies (0ms)
				RefreshPlugins (86ms)
				BeforeProcessingInitializeOnLoad (65ms)
				ProcessInitializeOnLoadAttributes (219ms)
				ProcessInitializeOnLoadMethodAttributes (14ms)
				AfterProcessingInitializeOnLoad (6ms)
				EditorAssembliesLoaded (0ms)
			ExecutionOrderSort2 (0ms)
			AwakeInstancesAfterBackupRestoration (4ms)
Platform modules already initialized, skipping
========================================================================
Worker process is ready to serve import requests
Launched and connected shader compiler UnityShaderCompiler.exe after 0.04 seconds
Refreshing native plugins compatible for Editor in 1.31 ms, found 3 plugins.
Preloading 0 native plugins for Editor in 0.00 ms.
Unloading 3963 Unused Serialized files (Serialized files now loaded: 0)
Unloading 42 unused Assets / (1.3 MB). Loaded Objects now: 4417.
Memory consumption went from 155.8 MB to 154.5 MB.
Total: 4.439300 ms (FindLiveObjects: 0.254200 ms CreateObjectMapping: 0.182400 ms MarkObjects: 3.534000 ms  DeleteObjects: 0.467600 ms)

AssetImportParameters requested are different than current active one (requested -> active):
  custom:video-decoder-ogg-theora: a1e56fd34408186e4bbccfd4996cb3dc -> 
  custom:container-muxer-webm: aa71ff27fc2769a1b78a27578f13a17b -> 
  custom:container-demuxer-webm: 4f35f7cbe854078d1ac9338744f61a02 -> 
  custom:video-encoder-webm-vp8: eb34c28f22e8b96e1ab97ce403110664 -> 
  custom:audio-encoder-webm-vorbis: bf7c407c2cedff20999df2af8eb42d56 -> 
  custom:framework-win-MediaFoundation: 216162199b28c13a410421893ffa2e32 -> 
  custom:container-demuxer-ogg: 62fdf1f143b41e24485cea50d1cbac27 -> 
  custom:video-decoder-webm-vp8: 9c59270c3fd7afecdb556c50c9e8de78 -> 
  custom:audio-decoder-ogg-vorbis: bf7c407c2cedff20999df2af8eb42d56 -> 
========================================================================
Received Import Request.
  Time since last request: 159582.272484 seconds.
  path: Assets/AssetPremium/Toon Fantasy Nature/Prefabs/Vegetation/Mushrooms/TFF_Glowing_Mushroom_01B.prefab
  artifactKey: Guid(6cca87717650dbd4c8dfab7cad9dbca3) Importer(815301076,1909f56bfc062723c751e8b465ee728b)
Start importing Assets/AssetPremium/Toon Fantasy Nature/Prefabs/Vegetation/Mushrooms/TFF_Glowing_Mushroom_01B.prefab using Guid(6cca87717650dbd4c8dfab7cad9dbca3) Importer(815301076,1909f56bfc062723c751e8b465ee728b)  -> (artifact id: 'a8bc240a55befb2e009963df6aff93b5') in 0.139022 seconds 
========================================================================
Received Import Request.
  Time since last request: 0.000024 seconds.
  path: Assets/AssetPremium/Toon Fantasy Nature/Prefabs/Vegetation/Mushrooms/TFF_Mushrooms_04A.prefab
  artifactKey: Guid(46fc5ef565407144cbd8e3ca7febc31f) Importer(815301076,1909f56bfc062723c751e8b465ee728b)
Start importing Assets/AssetPremium/Toon Fantasy Nature/Prefabs/Vegetation/Mushrooms/TFF_Mushrooms_04A.prefab using Guid(46fc5ef565407144cbd8e3ca7febc31f) Importer(815301076,1909f56bfc062723c751e8b465ee728b)  -> (artifact id: '92b6a23281be95e5b7af1b0588efa48a') in 0.018025 seconds 
========================================================================
Received Import Request.
  Time since last request: 5.017455 seconds.
  path: Assets/AssetPremium/Toon Fantasy Nature/Prefabs/Vegetation/Water Plants/TFF_Glowing_Lilly_01B.prefab
  artifactKey: Guid(3663cb24883fdb947bef5dad0ea73506) Importer(815301076,1909f56bfc062723c751e8b465ee728b)
Start importing Assets/AssetPremium/Toon Fantasy Nature/Prefabs/Vegetation/Water Plants/TFF_Glowing_Lilly_01B.prefab using Guid(3663cb24883fdb947bef5dad0ea73506) Importer(815301076,1909f56bfc062723c751e8b465ee728b)  -> (artifact id: '9d59956b831a6932e3d67245e5594ef5') in 0.020021 seconds 
========================================================================
Received Import Request.
  Time since last request: 0.000023 seconds.
  path: Assets/AssetPremium/Toon Fantasy Nature/Prefabs/Vegetation/Water Plants/TFF_Lotus_Flower_01A.prefab
  artifactKey: Guid(0507ece0895d61643b2b9dff2f07126b) Importer(815301076,1909f56bfc062723c751e8b465ee728b)
Start importing Assets/AssetPremium/Toon Fantasy Nature/Prefabs/Vegetation/Water Plants/TFF_Lotus_Flower_01A.prefab using Guid(0507ece0895d61643b2b9dff2f07126b) Importer(815301076,1909f56bfc062723c751e8b465ee728b)  -> (artifact id: 'fdab71c6faa8d6b8baebdc1864242fe0') in 0.020885 seconds 
========================================================================
Received Import Request.
  Time since last request: 0.000017 seconds.
  path: Assets/AssetPremium/Toon Fantasy Nature/Prefabs/Vegetation/Water Plants/TFF_Lotus_Flower_02C.prefab
  artifactKey: Guid(41168d2ee518912449bdf7e16276bb67) Importer(815301076,1909f56bfc062723c751e8b465ee728b)
Start importing Assets/AssetPremium/Toon Fantasy Nature/Prefabs/Vegetation/Water Plants/TFF_Lotus_Flower_02C.prefab using Guid(41168d2ee518912449bdf7e16276bb67) Importer(815301076,1909f56bfc062723c751e8b465ee728b)  -> (artifact id: '6605ee81f885a74ed4917dff2f6ea0d9') in 0.021067 seconds 
========================================================================
Received Import Request.
  Time since last request: 0.000022 seconds.
  path: Assets/AssetPremium/Toon Fantasy Nature/Prefabs/Vegetation/Water Plants/TFF_Lotus_Leaf_02B.prefab
  artifactKey: Guid(3d2f56812c0e38146bc6e64c5bb11d97) Importer(815301076,1909f56bfc062723c751e8b465ee728b)
Start importing Assets/AssetPremium/Toon Fantasy Nature/Prefabs/Vegetation/Water Plants/TFF_Lotus_Leaf_02B.prefab using Guid(3d2f56812c0e38146bc6e64c5bb11d97) Importer(815301076,1909f56bfc062723c751e8b465ee728b)  -> (artifact id: 'eb016c105aa9f683e82658b9d6265907') in 0.024320 seconds 
========================================================================
Received Import Request.
  Time since last request: 16.599281 seconds.
  path: Assets/AssetPremium/Toon Fantasy Nature/Prefabs/Vegetation/Mushrooms/TFF_Glowing_Mushroom_01B.prefab
  artifactKey: Guid(6cca87717650dbd4c8dfab7cad9dbca3) Importer(815301076,1909f56bfc062723c751e8b465ee728b)
Start importing Assets/AssetPremium/Toon Fantasy Nature/Prefabs/Vegetation/Mushrooms/TFF_Glowing_Mushroom_01B.prefab using Guid(6cca87717650dbd4c8dfab7cad9dbca3) Importer(815301076,1909f56bfc062723c751e8b465ee728b)  -> (artifact id: '5643a5ec6111fdb41f1e2138c894e5f2') in 0.041358 seconds 
========================================================================
Received Import Request.
  Time since last request: 0.000024 seconds.
  path: Assets/AssetPremium/Toon Fantasy Nature/Prefabs/Vegetation/Mushrooms/TFF_Mushrooms_06A.prefab
  artifactKey: Guid(e139e725fd5b9f0478072b9a433628a7) Importer(815301076,1909f56bfc062723c751e8b465ee728b)
Start importing Assets/AssetPremium/Toon Fantasy Nature/Prefabs/Vegetation/Mushrooms/TFF_Mushrooms_06A.prefab using Guid(e139e725fd5b9f0478072b9a433628a7) Importer(815301076,1909f56bfc062723c751e8b465ee728b)  -> (artifact id: 'a6904a01b431c1d6d3162885af95a9fd') in 0.021451 seconds 
========================================================================
Received Import Request.
  Time since last request: 0.000021 seconds.
  path: Assets/AssetPremium/Toon Fantasy Nature/Prefabs/Vegetation/Mushrooms/TFF_Mushrooms_08A.prefab
  artifactKey: Guid(60dac5b181b3cd04ab7166c89caf1990) Importer(815301076,1909f56bfc062723c751e8b465ee728b)
Start importing Assets/AssetPremium/Toon Fantasy Nature/Prefabs/Vegetation/Mushrooms/TFF_Mushrooms_08A.prefab using Guid(60dac5b181b3cd04ab7166c89caf1990) Importer(815301076,1909f56bfc062723c751e8b465ee728b)  -> (artifact id: 'd0086c4c8cf45a21af01eaba98bc6518') in 0.027768 seconds 
Editor requested this worker to shutdown with reason: Scaling down because of idle timeout
AssetImportWorker is now disconnected from the server
Process exiting
Exiting without the bug reporter. Application will terminate with return code 0